<?xml version="1.0" encoding="UTF-8"?>
<coverage generated="1629898130965" clover="3.2.0">
  <project timestamp="1629898130965" name="All files">
    <metrics statements="274" coveredstatements="263" conditionals="166" coveredconditionals="132" methods="79" coveredmethods="72" elements="519" coveredelements="467" complexity="0" loc="274" ncloc="274" packages="3" files="10" classes="10"/>
    <package name="src">
      <metrics statements="82" coveredstatements="78" conditionals="43" coveredconditionals="34" methods="27" coveredmethods="24"/>
      <file name="Cascader.tsx" path="/Users/jilin/projects/antd/rc-cascader/src/Cascader.tsx">
        <metrics statements="61" coveredstatements="57" conditionals="32" coveredconditionals="24" methods="21" coveredmethods="18"/>
        <line num="36" count="4" type="stmt"/>
        <line num="120" count="4" type="stmt"/>
        <line num="146" count="51" type="stmt"/>
        <line num="148" count="51" type="stmt"/>
        <line num="150" count="51" type="stmt"/>
        <line num="153" count="51" type="stmt"/>
        <line num="155" count="51" type="stmt"/>
        <line num="157" count="0" type="stmt"/>
        <line num="160" count="0" type="stmt"/>
        <line num="164" count="51" type="stmt"/>
        <line num="165" count="7" type="stmt"/>
        <line num="168" count="51" type="stmt"/>
        <line num="173" count="51" type="stmt"/>
        <line num="176" count="51" type="stmt"/>
        <line num="177" count="35" type="stmt"/>
        <line num="186" count="51" type="stmt"/>
        <line num="189" count="36" type="stmt"/>
        <line num="190" count="36" type="cond" truecount="2" falsecount="0"/>
        <line num="191" count="9" type="cond" truecount="1" falsecount="1"/>
        <line num="194" count="36" type="stmt"/>
        <line num="197" count="51" type="stmt"/>
        <line num="198" count="35" type="cond" truecount="2" falsecount="0"/>
        <line num="201" count="51" type="stmt"/>
        <line num="202" count="1" type="stmt"/>
        <line num="206" count="51" type="stmt"/>
        <line num="207" count="13" type="stmt"/>
        <line num="209" count="13" type="cond" truecount="1" falsecount="1"/>
        <line num="210" count="0" type="stmt"/>
        <line num="213" count="13" type="stmt"/>
        <line num="214" count="32" type="stmt"/>
        <line num="219" count="51" type="stmt"/>
        <line num="221" count="7" type="stmt"/>
        <line num="223" count="7" type="cond" truecount="1" falsecount="1"/>
        <line num="225" count="7" type="stmt"/>
        <line num="226" count="7" type="stmt"/>
        <line num="228" count="7" type="stmt"/>
        <line num="230" count="7" type="stmt"/>
        <line num="231" count="7" type="stmt"/>
        <line num="232" count="17" type="stmt"/>
        <line num="234" count="17" type="stmt"/>
        <line num="235" count="7" type="stmt"/>
        <line num="239" count="7" type="cond" truecount="2" falsecount="0"/>
        <line num="240" count="6" type="stmt"/>
        <line num="243" count="7" type="cond" truecount="2" falsecount="0"/>
        <line num="244" count="6" type="cond" truecount="1" falsecount="1"/>
        <line num="245" count="0" type="stmt"/>
        <line num="249" count="6" type="cond" truecount="2" falsecount="2"/>
        <line num="255" count="51" type="cond" truecount="1" falsecount="1"/>
        <line num="256" count="51" type="stmt"/>
        <line num="260" count="51" type="stmt"/>
        <line num="263" count="51" type="cond" truecount="2" falsecount="0"/>
        <line num="265" count="51" type="stmt"/>
        <line num="266" count="50" type="stmt"/>
        <line num="267" count="50" type="stmt"/>
        <line num="271" count="51" type="stmt"/>
        <line num="272" count="35" type="stmt"/>
        <line num="297" count="51" type="cond" truecount="5" falsecount="0"/>
        <line num="305" count="51" type="stmt"/>
        <line num="322" count="12" type="stmt"/>
        <line num="327" count="151" type="stmt"/>
        <line num="334" count="4" type="stmt"/>
      </file>
      <file name="context.ts" path="/Users/jilin/projects/antd/rc-cascader/src/context.ts">
        <metrics statements="1" coveredstatements="1" conditionals="0" coveredconditionals="0" methods="0" coveredmethods="0"/>
        <line num="5" count="4" type="stmt"/>
      </file>
      <file name="index.tsx" path="/Users/jilin/projects/antd/rc-cascader/src/index.tsx">
        <metrics statements="0" coveredstatements="0" conditionals="0" coveredconditionals="0" methods="0" coveredmethods="0"/>
      </file>
      <file name="interface.ts" path="/Users/jilin/projects/antd/rc-cascader/src/interface.ts">
        <metrics statements="0" coveredstatements="0" conditionals="0" coveredconditionals="0" methods="0" coveredmethods="0"/>
      </file>
      <file name="util.ts" path="/Users/jilin/projects/antd/rc-cascader/src/util.ts">
        <metrics statements="20" coveredstatements="20" conditionals="11" coveredconditionals="10" methods="6" coveredmethods="6"/>
        <line num="10" count="4" type="stmt"/>
        <line num="23" count="61" type="stmt"/>
        <line num="24" count="61" type="stmt"/>
        <line num="26" count="61" type="stmt"/>
        <line num="28" count="61" type="stmt"/>
        <line num="29" count="133" type="stmt"/>
        <line num="30" count="133" type="stmt"/>
        <line num="32" count="133" type="stmt"/>
        <line num="35" count="61" type="stmt"/>
        <line num="39" count="519" type="stmt"/>
        <line num="41" count="519" type="stmt"/>
        <line num="43" count="519" type="cond" truecount="2" falsecount="0"/>
        <line num="53" count="187" type="cond" truecount="1" falsecount="1"/>
        <line num="66" count="162" type="cond" truecount="2" falsecount="0"/>
        <line num="67" count="267" type="cond" truecount="2" falsecount="0"/>
        <line num="70" count="267" type="stmt"/>
        <line num="76" count="267" type="cond" truecount="2" falsecount="0"/>
        <line num="77" count="127" type="stmt"/>
        <line num="80" count="267" type="stmt"/>
        <line num="84" count="35" type="stmt"/>
      </file>
    </package>
    <package name="src.OptionList">
      <metrics statements="147" coveredstatements="140" conditionals="99" coveredconditionals="74" methods="36" coveredmethods="32"/>
      <file name="Column.tsx" path="/Users/jilin/projects/antd/rc-cascader/src/OptionList/Column.tsx">
        <metrics statements="28" coveredstatements="27" conditionals="33" coveredconditionals="24" methods="8" coveredmethods="7"/>
        <line num="35" count="217" type="stmt"/>
        <line num="36" count="217" type="stmt"/>
        <line num="37" count="217" type="stmt"/>
        <line num="40" count="217" type="stmt"/>
        <line num="43" count="217" type="stmt"/>
        <line num="46" count="493" type="stmt"/>
        <line num="47" count="493" type="stmt"/>
        <line num="49" count="493" type="stmt"/>
        <line num="52" count="493" type="stmt"/>
        <line num="55" count="493" type="stmt"/>
        <line num="56" count="19" type="cond" truecount="4" falsecount="0"/>
        <line num="57" count="15" type="stmt"/>
        <line num="62" count="493" type="stmt"/>
        <line num="63" count="15" type="cond" truecount="6" falsecount="0"/>
        <line num="64" count="6" type="stmt"/>
        <line num="70" count="493" type="cond" truecount="2" falsecount="0"/>
        <line num="71" count="4" type="stmt"/>
        <line num="72" count="489" type="cond" truecount="1" falsecount="1"/>
        <line num="73" count="489" type="stmt"/>
        <line num="77" count="493" type="stmt"/>
        <line num="90" count="4" type="cond" truecount="1" falsecount="1"/>
        <line num="91" count="4" type="stmt"/>
        <line num="106" count="0" type="stmt"/>
        <line num="113" count="15" type="stmt"/>
        <line num="114" count="15" type="cond" truecount="2" falsecount="2"/>
        <line num="115" count="15" type="stmt"/>
        <line num="119" count="1" type="cond" truecount="1" falsecount="1"/>
        <line num="120" count="1" type="stmt"/>
      </file>
      <file name="index.tsx" path="/Users/jilin/projects/antd/rc-cascader/src/OptionList/index.tsx">
        <metrics statements="119" coveredstatements="113" conditionals="66" coveredconditionals="50" methods="28" coveredmethods="25"/>
        <line num="19" count="4" type="stmt"/>
        <line num="31" count="136" type="stmt"/>
        <line num="33" count="136" type="stmt"/>
        <line num="35" count="136" type="stmt"/>
        <line num="37" count="136" type="stmt"/>
        <line num="40" count="136" type="stmt"/>
        <line num="42" count="136" type="stmt"/>
        <line num="43" count="22" type="cond" truecount="2" falsecount="0"/>
        <line num="44" count="21" type="stmt"/>
        <line num="47" count="1" type="stmt"/>
        <line num="48" count="1" type="cond" truecount="1" falsecount="1"/>
        <line num="49" count="1" type="stmt"/>
        <line num="50" count="1" type="stmt"/>
        <line num="52" count="1" type="stmt"/>
        <line num="54" count="1" type="stmt"/>
        <line num="59" count="136" type="stmt"/>
        <line num="60" count="40" type="cond" truecount="2" falsecount="0"/>
        <line num="61" count="1" type="stmt"/>
        <line num="62" count="1" type="stmt"/>
        <line num="63" count="1" type="cond" truecount="1" falsecount="1"/>
        <line num="64" count="0" type="stmt"/>
        <line num="71" count="136" type="stmt"/>
        <line num="72" count="136" type="stmt"/>
        <line num="75" count="136" type="stmt"/>
        <line num="77" count="136" type="stmt"/>
        <line num="78" count="57" type="cond" truecount="2" falsecount="0"/>
        <line num="79" count="40" type="stmt"/>
        <line num="81" count="40" type="cond" truecount="4" falsecount="0"/>
        <line num="82" count="11" type="stmt"/>
        <line num="83" count="35" type="stmt"/>
        <line num="86" count="11" type="cond" truecount="2" falsecount="0"/>
        <line num="87" count="10" type="stmt"/>
        <line num="90" count="40" type="stmt"/>
        <line num="95" count="136" type="stmt"/>
        <line num="96" count="22" type="stmt"/>
        <line num="97" count="22" type="stmt"/>
        <line num="100" count="22" type="stmt"/>
        <line num="103" count="136" type="stmt"/>
        <line num="104" count="7" type="stmt"/>
        <line num="106" count="7" type="cond" truecount="6" falsecount="0"/>
        <line num="107" count="6" type="stmt"/>
        <line num="111" count="136" type="stmt"/>
        <line num="112" count="157" type="stmt"/>
        <line num="114" count="157" type="stmt"/>
        <line num="115" count="103" type="cond" truecount="1" falsecount="1"/>
        <line num="118" count="157" type="stmt"/>
        <line num="122" count="136" type="stmt"/>
        <line num="130" count="136" type="stmt"/>
        <line num="131" count="105" type="cond" truecount="2" falsecount="0"/>
        <line num="132" count="6" type="stmt"/>
        <line num="141" count="99" type="stmt"/>
        <line num="143" count="99" type="stmt"/>
        <line num="144" count="157" type="stmt"/>
        <line num="146" count="157" type="cond" truecount="2" falsecount="0"/>
        <line num="147" count="147" type="stmt"/>
        <line num="151" count="10" type="stmt"/>
        <line num="155" count="99" type="stmt"/>
        <line num="159" count="136" type="stmt"/>
        <line num="160" count="7" type="stmt"/>
        <line num="161" count="7" type="cond" truecount="1" falsecount="1"/>
        <line num="162" count="12" type="stmt"/>
        <line num="164" count="7" type="stmt"/>
        <line num="166" count="7" type="stmt"/>
        <line num="167" count="7" type="stmt"/>
        <line num="168" count="7" type="stmt"/>
        <line num="170" count="7" type="cond" truecount="1" falsecount="1"/>
        <line num="171" count="7" type="stmt"/>
        <line num="175" count="0" type="stmt"/>
        <line num="178" count="136" type="stmt"/>
        <line num="179" count="4" type="cond" truecount="2" falsecount="0"/>
        <line num="180" count="2" type="stmt"/>
        <line num="182" count="4" type="stmt"/>
        <line num="185" count="136" type="stmt"/>
        <line num="186" count="5" type="stmt"/>
        <line num="187" count="5" type="stmt"/>
        <line num="188" count="5" type="cond" truecount="1" falsecount="1"/>
        <line num="189" count="5" type="stmt"/>
        <line num="193" count="136" type="stmt"/>
        <line num="196" count="17" type="stmt"/>
        <line num="198" count="17" type="cond" truecount="6" falsecount="1"/>
        <line num="202" count="2" type="stmt"/>
        <line num="203" count="2" type="cond" truecount="1" falsecount="1"/>
        <line num="204" count="0" type="stmt"/>
        <line num="205" count="2" type="cond" truecount="1" falsecount="1"/>
        <line num="206" count="2" type="stmt"/>
        <line num="209" count="2" type="cond" truecount="1" falsecount="1"/>
        <line num="210" count="2" type="stmt"/>
        <line num="211" count="2" type="stmt"/>
        <line num="212" count="2" type="cond" truecount="1" falsecount="1"/>
        <line num="213" count="2" type="stmt"/>
        <line num="217" count="2" type="stmt"/>
        <line num="221" count="3" type="cond" truecount="1" falsecount="1"/>
        <line num="222" count="0" type="stmt"/>
        <line num="224" count="3" type="stmt"/>
        <line num="226" count="3" type="stmt"/>
        <line num="230" count="5" type="cond" truecount="1" falsecount="1"/>
        <line num="231" count="0" type="stmt"/>
        <line num="233" count="5" type="stmt"/>
        <line num="235" count="5" type="stmt"/>
        <line num="239" count="1" type="stmt"/>
        <line num="240" count="1" type="stmt"/>
        <line num="245" count="1" type="stmt"/>
        <line num="246" count="1" type="stmt"/>
        <line num="247" count="1" type="stmt"/>
        <line num="250" count="1" type="stmt"/>
        <line num="252" count="1" type="cond" truecount="4" falsecount="1"/>
        <line num="253" count="1" type="stmt"/>
        <line num="257" count="1" type="cond" truecount="1" falsecount="1"/>
        <line num="258" count="0" type="stmt"/>
        <line num="260" count="1" type="stmt"/>
        <line num="265" count="4" type="stmt"/>
        <line num="267" count="4" type="cond" truecount="1" falsecount="1"/>
        <line num="268" count="4" type="stmt"/>
        <line num="277" count="136" type="stmt"/>
        <line num="288" count="136" type="stmt"/>
        <line num="298" count="136" type="cond" truecount="2" falsecount="0"/>
        <line num="302" count="136" type="stmt"/>
        <line num="303" count="217" type="stmt"/>
        <line num="313" count="136" type="stmt"/>
      </file>
    </package>
    <package name="src.hooks">
      <metrics statements="45" coveredstatements="45" conditionals="24" coveredconditionals="24" methods="16" coveredmethods="16"/>
      <file name="useSearchConfig.ts" path="/Users/jilin/projects/antd/rc-cascader/src/hooks/useSearchConfig.ts">
        <metrics statements="7" coveredstatements="7" conditionals="6" coveredconditionals="6" methods="2" coveredmethods="2"/>
        <line num="7" count="51" type="stmt"/>
        <line num="8" count="35" type="cond" truecount="2" falsecount="0"/>
        <line num="9" count="30" type="stmt"/>
        <line num="12" count="5" type="stmt"/>
        <line num="17" count="5" type="cond" truecount="4" falsecount="0"/>
        <line num="18" count="3" type="stmt"/>
        <line num="24" count="5" type="stmt"/>
      </file>
      <file name="useSearchResult.ts" path="/Users/jilin/projects/antd/rc-cascader/src/hooks/useSearchResult.ts">
        <metrics statements="32" coveredstatements="32" conditionals="16" coveredconditionals="16" methods="12" coveredmethods="12"/>
        <line num="6" count="4" type="stmt"/>
        <line num="7" count="38" type="stmt"/>
        <line num="9" count="4" type="stmt"/>
        <line num="10" count="29" type="stmt"/>
        <line num="23" count="136" type="stmt"/>
        <line num="26" count="136" type="cond" truecount="2" falsecount="0"/>
        <line num="27" count="136" type="cond" truecount="2" falsecount="0"/>
        <line num="31" count="136" type="stmt"/>
        <line num="32" count="39" type="cond" truecount="2" falsecount="0"/>
        <line num="33" count="33" type="stmt"/>
        <line num="37" count="6" type="stmt"/>
        <line num="38" count="30" type="stmt"/>
        <line num="39" count="60" type="stmt"/>
        <line num="40" count="30" type="stmt"/>
        <line num="47" count="6" type="cond" truecount="2" falsecount="0"/>
        <line num="48" count="25" type="stmt"/>
        <line num="52" count="6" type="stmt"/>
        <line num="53" count="6" type="stmt"/>
        <line num="55" count="20" type="cond" truecount="4" falsecount="0"/>
        <line num="56" count="1" type="stmt"/>
        <line num="60" count="19" type="stmt"/>
        <line num="61" count="19" type="cond" truecount="2" falsecount="0"/>
        <line num="62" count="12" type="stmt"/>
        <line num="67" count="6" type="cond" truecount="2" falsecount="0"/>
        <line num="68" count="1" type="stmt"/>
        <line num="69" count="1" type="stmt"/>
        <line num="73" count="6" type="stmt"/>
        <line num="78" count="136" type="stmt"/>
        <line num="79" count="39" type="stmt"/>
        <line num="80" count="12" type="stmt"/>
        <line num="81" count="12" type="stmt"/>
        <line num="88" count="136" type="stmt"/>
      </file>
      <file name="useUpdateEffect.ts" path="/Users/jilin/projects/antd/rc-cascader/src/hooks/useUpdateEffect.ts">
        <metrics statements="6" coveredstatements="6" conditionals="2" coveredconditionals="2" methods="2" coveredmethods="2"/>
        <line num="7" count="51" type="stmt"/>
        <line num="9" count="51" type="stmt"/>
        <line num="10" count="36" type="cond" truecount="2" falsecount="0"/>
        <line num="11" count="35" type="stmt"/>
        <line num="12" count="35" type="stmt"/>
        <line num="16" count="1" type="stmt"/>
      </file>
    </package>
  </project>
</coverage>
