{"/Users/jilin/projects/antd/rc-cascader/src/Cascader.tsx": {"path":"/Users/jilin/projects/antd/rc-cascader/src/Cascader.tsx","statementMap":{"0":{"start":{"line":36,"column":20},"end":{"line":39,"column":2}},"1":{"start":{"line":120,"column":17},"end":{"line":332,"column":2}},"2":{"start":{"line":146,"column":6},"end":{"line":146,"column":11}},"3":{"start":{"line":148,"column":35},"end":{"line":148,"column":44}},"4":{"start":{"line":150,"column":27},"end":{"line":150,"column":88}},"5":{"start":{"line":150,"column":47},"end":{"line":150,"column":73}},"6":{"start":{"line":153,"column":22},"end":{"line":153,"column":52}},"7":{"start":{"line":155,"column":2},"end":{"line":162,"column":6}},"8":{"start":{"line":155,"column":40},"end":{"line":162,"column":3}},"9":{"start":{"line":157,"column":6},"end":{"line":157,"column":34}},"10":{"start":{"line":160,"column":6},"end":{"line":160,"column":33}},"11":{"start":{"line":164,"column":27},"end":{"line":165,"column":54}},"12":{"start":{"line":165,"column":4},"end":{"line":165,"column":54}},"13":{"start":{"line":168,"column":42},"end":{"line":171,"column":4}},"14":{"start":{"line":173,"column":43},"end":{"line":173,"column":70}},"15":{"start":{"line":176,"column":24},"end":{"line":178,"column":33}},"16":{"start":{"line":177,"column":4},"end":{"line":177,"column":53}},"17":{"start":{"line":186,"column":31},"end":{"line":195,"column":3}},"18":{"start":{"line":189,"column":45},"end":{"line":189,"column":47}},"19":{"start":{"line":190,"column":4},"end":{"line":192,"column":5}},"20":{"start":{"line":191,"column":6},"end":{"line":191,"column":82}},"21":{"start":{"line":194,"column":4},"end":{"line":194,"column":43}},"22":{"start":{"line":197,"column":44},"end":{"line":199,"column":3}},"23":{"start":{"line":198,"column":4},"end":{"line":198,"column":47}},"24":{"start":{"line":201,"column":2},"end":{"line":203,"column":14}},"25":{"start":{"line":202,"column":4},"end":{"line":202,"column":50}},"26":{"start":{"line":206,"column":22},"end":{"line":216,"column":3}},"27":{"start":{"line":207,"column":34},"end":{"line":207,"column":50}},"28":{"start":{"line":209,"column":4},"end":{"line":211,"column":5}},"29":{"start":{"line":210,"column":6},"end":{"line":210,"column":42}},"30":{"start":{"line":213,"column":4},"end":{"line":215,"column":17}},"31":{"start":{"line":214,"column":26},"end":{"line":214,"column":41}},"32":{"start":{"line":219,"column":27},"end":{"line":252,"column":3}},"33":{"start":{"line":221,"column":4},"end":{"line":221,"column":24}},"34":{"start":{"line":223,"column":22},"end":{"line":223,"column":71}},"35":{"start":{"line":225,"column":42},"end":{"line":225,"column":44}},"36":{"start":{"line":226,"column":38},"end":{"line":226,"column":40}},"37":{"start":{"line":228,"column":26},"end":{"line":228,"column":82}},"38":{"start":{"line":228,"column":75},"end":{"line":228,"column":81}},"39":{"start":{"line":230,"column":4},"end":{"line":236,"column":7}},"40":{"start":{"line":231,"column":40},"end":{"line":231,"column":88}},"41":{"start":{"line":232,"column":28},"end":{"line":232,"column":67}},"42":{"start":{"line":232,"column":55},"end":{"line":232,"column":66}},"43":{"start":{"line":234,"column":6},"end":{"line":234,"column":75}},"44":{"start":{"line":234,"column":45},"end":{"line":234,"column":72}},"45":{"start":{"line":235,"column":6},"end":{"line":235,"column":38}},"46":{"start":{"line":239,"column":4},"end":{"line":241,"column":5}},"47":{"start":{"line":240,"column":6},"end":{"line":240,"column":34}},"48":{"start":{"line":243,"column":4},"end":{"line":251,"column":5}},"49":{"start":{"line":244,"column":6},"end":{"line":250,"column":7}},"50":{"start":{"line":245,"column":8},"end":{"line":245,"column":62}},"51":{"start":{"line":249,"column":8},"end":{"line":249,"column":78}},"52":{"start":{"line":255,"column":2},"end":{"line":261,"column":3}},"53":{"start":{"line":256,"column":4},"end":{"line":259,"column":6}},"54":{"start":{"line":260,"column":4},"end":{"line":260,"column":100}},"55":{"start":{"line":263,"column":21},"end":{"line":263,"column":61}},"56":{"start":{"line":265,"column":42},"end":{"line":268,"column":3}},"57":{"start":{"line":266,"column":4},"end":{"line":266,"column":43}},"58":{"start":{"line":267,"column":4},"end":{"line":267,"column":40}},"59":{"start":{"line":271,"column":18},"end":{"line":292,"column":3}},"60":{"start":{"line":272,"column":11},"end":{"line":281,"column":5}},"61":{"start":{"line":297,"column":4},"end":{"line":303,"column":9}},"62":{"start":{"line":305,"column":2},"end":{"line":331,"column":4}},"63":{"start":{"line":322,"column":30},"end":{"line":322,"column":34}},"64":{"start":{"line":327,"column":36},"end":{"line":327,"column":44}},"65":{"start":{"line":334,"column":0},"end":{"line":334,"column":34}}},"fnMap":{"0":{"name":"(anonymous_0)","decl":{"start":{"line":120,"column":34},"end":{"line":120,"column":35}},"loc":{"start":{"line":120,"column":89},"end":{"line":332,"column":1}},"line":120},"1":{"name":"(anonymous_1)","decl":{"start":{"line":150,"column":41},"end":{"line":150,"column":42}},"loc":{"start":{"line":150,"column":47},"end":{"line":150,"column":73}},"line":150},"2":{"name":"(anonymous_2)","decl":{"start":{"line":155,"column":33},"end":{"line":155,"column":34}},"loc":{"start":{"line":155,"column":40},"end":{"line":162,"column":3}},"line":155},"3":{"name":"(anonymous_3)","decl":{"start":{"line":156,"column":11},"end":{"line":156,"column":12}},"loc":{"start":{"line":156,"column":17},"end":{"line":158,"column":5}},"line":156},"4":{"name":"(anonymous_4)","decl":{"start":{"line":159,"column":10},"end":{"line":159,"column":11}},"loc":{"start":{"line":159,"column":16},"end":{"line":161,"column":5}},"line":159},"5":{"name":"(anonymous_5)","decl":{"start":{"line":164,"column":27},"end":{"line":164,"column":28}},"loc":{"start":{"line":165,"column":4},"end":{"line":165,"column":54}},"line":165},"6":{"name":"(anonymous_6)","decl":{"start":{"line":176,"column":38},"end":{"line":176,"column":39}},"loc":{"start":{"line":176,"column":44},"end":{"line":178,"column":3}},"line":176},"7":{"name":"(anonymous_7)","decl":{"start":{"line":186,"column":31},"end":{"line":186,"column":32}},"loc":{"start":{"line":188,"column":20},"end":{"line":195,"column":3}},"line":188},"8":{"name":"(anonymous_8)","decl":{"start":{"line":197,"column":59},"end":{"line":197,"column":60}},"loc":{"start":{"line":198,"column":4},"end":{"line":198,"column":47}},"line":198},"9":{"name":"(anonymous_9)","decl":{"start":{"line":201,"column":18},"end":{"line":201,"column":19}},"loc":{"start":{"line":201,"column":24},"end":{"line":203,"column":3}},"line":201},"10":{"name":"(anonymous_10)","decl":{"start":{"line":206,"column":22},"end":{"line":206,"column":23}},"loc":{"start":{"line":206,"column":51},"end":{"line":216,"column":3}},"line":206},"11":{"name":"(anonymous_11)","decl":{"start":{"line":214,"column":19},"end":{"line":214,"column":20}},"loc":{"start":{"line":214,"column":26},"end":{"line":214,"column":41}},"line":214},"12":{"name":"(anonymous_12)","decl":{"start":{"line":219,"column":27},"end":{"line":219,"column":28}},"loc":{"start":{"line":219,"column":75},"end":{"line":252,"column":3}},"line":219},"13":{"name":"(anonymous_13)","decl":{"start":{"line":228,"column":65},"end":{"line":228,"column":66}},"loc":{"start":{"line":228,"column":75},"end":{"line":228,"column":81}},"line":228},"14":{"name":"(anonymous_14)","decl":{"start":{"line":230,"column":26},"end":{"line":230,"column":27}},"loc":{"start":{"line":230,"column":36},"end":{"line":236,"column":5}},"line":230},"15":{"name":"(anonymous_15)","decl":{"start":{"line":232,"column":45},"end":{"line":232,"column":46}},"loc":{"start":{"line":232,"column":55},"end":{"line":232,"column":66}},"line":232},"16":{"name":"(anonymous_16)","decl":{"start":{"line":234,"column":38},"end":{"line":234,"column":39}},"loc":{"start":{"line":234,"column":45},"end":{"line":234,"column":72}},"line":234},"17":{"name":"(anonymous_17)","decl":{"start":{"line":265,"column":42},"end":{"line":265,"column":43}},"loc":{"start":{"line":265,"column":68},"end":{"line":268,"column":3}},"line":265},"18":{"name":"(anonymous_18)","decl":{"start":{"line":272,"column":4},"end":{"line":272,"column":5}},"loc":{"start":{"line":272,"column":11},"end":{"line":281,"column":5}},"line":272},"19":{"name":"(anonymous_19)","decl":{"start":{"line":322,"column":24},"end":{"line":322,"column":25}},"loc":{"start":{"line":322,"column":30},"end":{"line":322,"column":34}},"line":322},"20":{"name":"(anonymous_20)","decl":{"start":{"line":327,"column":30},"end":{"line":327,"column":31}},"loc":{"start":{"line":327,"column":36},"end":{"line":327,"column":44}},"line":327}},"branchMap":{"0":{"loc":{"start":{"line":139,"column":4},"end":{"line":139,"column":20}},"type":"default-arg","locations":[{"start":{"line":139,"column":17},"end":{"line":139,"column":20}}],"line":139},"1":{"loc":{"start":{"line":190,"column":4},"end":{"line":192,"column":5}},"type":"if","locations":[{"start":{"line":190,"column":4},"end":{"line":192,"column":5}},{"start":{"line":190,"column":4},"end":{"line":192,"column":5}}],"line":190},"2":{"loc":{"start":{"line":191,"column":23},"end":{"line":191,"column":57}},"type":"cond-expr","locations":[{"start":{"line":191,"column":34},"end":{"line":191,"column":43}},{"start":{"line":191,"column":46},"end":{"line":191,"column":57}}],"line":191},"3":{"loc":{"start":{"line":198,"column":25},"end":{"line":198,"column":46}},"type":"binary-expr","locations":[{"start":{"line":198,"column":25},"end":{"line":198,"column":30}},{"start":{"line":198,"column":34},"end":{"line":198,"column":46}}],"line":198},"4":{"loc":{"start":{"line":209,"column":4},"end":{"line":211,"column":5}},"type":"if","locations":[{"start":{"line":209,"column":4},"end":{"line":211,"column":5}},{"start":{"line":209,"column":4},"end":{"line":211,"column":5}}],"line":209},"5":{"loc":{"start":{"line":223,"column":23},"end":{"line":223,"column":55}},"type":"cond-expr","locations":[{"start":{"line":223,"column":34},"end":{"line":223,"column":42}},{"start":{"line":223,"column":45},"end":{"line":223,"column":55}}],"line":223},"6":{"loc":{"start":{"line":239,"column":4},"end":{"line":241,"column":5}},"type":"if","locations":[{"start":{"line":239,"column":4},"end":{"line":241,"column":5}},{"start":{"line":239,"column":4},"end":{"line":241,"column":5}}],"line":239},"7":{"loc":{"start":{"line":243,"column":4},"end":{"line":251,"column":5}},"type":"if","locations":[{"start":{"line":243,"column":4},"end":{"line":251,"column":5}},{"start":{"line":243,"column":4},"end":{"line":251,"column":5}}],"line":243},"8":{"loc":{"start":{"line":244,"column":6},"end":{"line":250,"column":7}},"type":"if","locations":[{"start":{"line":244,"column":6},"end":{"line":250,"column":7}},{"start":{"line":244,"column":6},"end":{"line":250,"column":7}}],"line":244},"9":{"loc":{"start":{"line":249,"column":37},"end":{"line":249,"column":54}},"type":"binary-expr","locations":[{"start":{"line":249,"column":37},"end":{"line":249,"column":48}},{"start":{"line":249,"column":52},"end":{"line":249,"column":54}}],"line":249},"10":{"loc":{"start":{"line":249,"column":56},"end":{"line":249,"column":76}},"type":"binary-expr","locations":[{"start":{"line":249,"column":56},"end":{"line":249,"column":70}},{"start":{"line":249,"column":74},"end":{"line":249,"column":76}}],"line":249},"11":{"loc":{"start":{"line":255,"column":2},"end":{"line":261,"column":3}},"type":"if","locations":[{"start":{"line":255,"column":2},"end":{"line":261,"column":3}},{"start":{"line":255,"column":2},"end":{"line":261,"column":3}}],"line":255},"12":{"loc":{"start":{"line":263,"column":21},"end":{"line":263,"column":61}},"type":"cond-expr","locations":[{"start":{"line":263,"column":42},"end":{"line":263,"column":46}},{"start":{"line":263,"column":49},"end":{"line":263,"column":61}}],"line":263},"13":{"loc":{"start":{"line":297,"column":4},"end":{"line":303,"column":9}},"type":"cond-expr","locations":[{"start":{"line":300,"column":8},"end":{"line":300,"column":10}},{"start":{"line":301,"column":8},"end":{"line":303,"column":9}}],"line":297},"14":{"loc":{"start":{"line":297,"column":4},"end":{"line":299,"column":25}},"type":"binary-expr","locations":[{"start":{"line":297,"column":5},"end":{"line":297,"column":17}},{"start":{"line":297,"column":21},"end":{"line":297,"column":49}},{"start":{"line":299,"column":4},"end":{"line":299,"column":25}}],"line":297},"15":{"loc":{"start":{"line":310,"column":15},"end":{"line":310,"column":58}},"type":"cond-expr","locations":[{"start":{"line":310,"column":26},"end":{"line":310,"column":39}},{"start":{"line":310,"column":42},"end":{"line":310,"column":58}}],"line":310}},"s":{"0":4,"1":4,"2":51,"3":51,"4":51,"5":35,"6":51,"7":51,"8":0,"9":0,"10":0,"11":51,"12":7,"13":51,"14":51,"15":51,"16":35,"17":51,"18":36,"19":36,"20":9,"21":36,"22":51,"23":35,"24":51,"25":1,"26":51,"27":13,"28":13,"29":0,"30":13,"31":32,"32":51,"33":7,"34":7,"35":7,"36":7,"37":7,"38":7,"39":7,"40":7,"41":7,"42":17,"43":7,"44":17,"45":7,"46":7,"47":6,"48":7,"49":6,"50":0,"51":6,"52":51,"53":51,"54":51,"55":51,"56":51,"57":50,"58":50,"59":51,"60":35,"61":51,"62":51,"63":12,"64":151,"65":4},"f":{"0":51,"1":35,"2":0,"3":0,"4":0,"5":7,"6":35,"7":36,"8":35,"9":1,"10":13,"11":32,"12":7,"13":7,"14":7,"15":17,"16":17,"17":50,"18":35,"19":12,"20":151},"b":{"0":[40],"1":[9,27],"2":[0,9],"3":[35,33],"4":[0,13],"5":[0,7],"6":[6,1],"7":[6,1],"8":[0,6],"9":[6,0],"10":[6,0],"11":[51,0],"12":[12,39],"13":[9,42],"14":[51,6,45],"15":[0,51]},"_coverageSchema":"43e27e138ebf9cfc5966b082cf9a028302ed4184","hash":"0943459e78a382e0357268a89b0627ee6ceff367"}
,"/Users/jilin/projects/antd/rc-cascader/src/context.ts": {"path":"/Users/jilin/projects/antd/rc-cascader/src/context.ts","statementMap":{"0":{"start":{"line":5,"column":24},"end":{"line":29,"column":2}}},"fnMap":{},"branchMap":{},"s":{"0":4},"f":{},"b":{},"_coverageSchema":"43e27e138ebf9cfc5966b082cf9a028302ed4184","hash":"52c49f34245bd46782adce8a6aaabb426b8c46bc"}
,"/Users/jilin/projects/antd/rc-cascader/src/index.tsx": {"path":"/Users/jilin/projects/antd/rc-cascader/src/index.tsx","statementMap":{},"fnMap":{},"branchMap":{},"s":{},"f":{},"b":{},"_coverageSchema":"43e27e138ebf9cfc5966b082cf9a028302ed4184","hash":"f1bf564db6e30a965dc2d76a1c380f191d85b0bf"}
,"/Users/jilin/projects/antd/rc-cascader/src/interface.ts": {"path":"/Users/jilin/projects/antd/rc-cascader/src/interface.ts","statementMap":{},"fnMap":{},"branchMap":{},"s":{},"f":{},"b":{},"hash":"d79da64d0d4463ae415da4e74750b2f83ea87810"}
,"/Users/jilin/projects/antd/rc-cascader/src/util.ts": {"path":"/Users/jilin/projects/antd/rc-cascader/src/util.ts","statementMap":{"0":{"start":{"line":10,"column":20},"end":{"line":10,"column":43}},"1":{"start":{"line":23,"column":34},"end":{"line":23,"column":36}},"2":{"start":{"line":24,"column":38},"end":{"line":24,"column":40}},"3":{"start":{"line":26,"column":16},"end":{"line":26,"column":22}},"4":{"start":{"line":28,"column":2},"end":{"line":33,"column":3}},"5":{"start":{"line":29,"column":4},"end":{"line":29,"column":54}},"6":{"start":{"line":30,"column":4},"end":{"line":30,"column":66}},"7":{"start":{"line":32,"column":4},"end":{"line":32,"column":29}},"8":{"start":{"line":35,"column":2},"end":{"line":35,"column":27}},"9":{"start":{"line":39,"column":29},"end":{"line":39,"column":35}},"10":{"start":{"line":41,"column":15},"end":{"line":41,"column":27}},"11":{"start":{"line":43,"column":2},"end":{"line":43,"column":55}},"12":{"start":{"line":53,"column":2},"end":{"line":53,"column":41}},"13":{"start":{"line":66,"column":4},"end":{"line":81,"column":7}},"14":{"start":{"line":67,"column":23},"end":{"line":69,"column":28}},"15":{"start":{"line":70,"column":26},"end":{"line":74,"column":7}},"16":{"start":{"line":76,"column":6},"end":{"line":78,"column":7}},"17":{"start":{"line":77,"column":8},"end":{"line":77,"column":87}},"18":{"start":{"line":80,"column":6},"end":{"line":80,"column":25}},"19":{"start":{"line":84,"column":2},"end":{"line":84,"column":30}}},"fnMap":{"0":{"name":"restoreCompatibleValue","decl":{"start":{"line":16,"column":16},"end":{"line":16,"column":38}},"loc":{"start":{"line":22,"column":2},"end":{"line":36,"column":1}},"line":22},"1":{"name":"isLeaf","decl":{"start":{"line":38,"column":16},"end":{"line":38,"column":22}},"loc":{"start":{"line":38,"column":47},"end":{"line":44,"column":1}},"line":38},"2":{"name":"connectValue","decl":{"start":{"line":52,"column":16},"end":{"line":52,"column":28}},"loc":{"start":{"line":52,"column":49},"end":{"line":54,"column":1}},"line":52},"3":{"name":"convertOptions","decl":{"start":{"line":61,"column":16},"end":{"line":61,"column":30}},"loc":{"start":{"line":64,"column":22},"end":{"line":85,"column":1}},"line":64},"4":{"name":"injectValue","decl":{"start":{"line":65,"column":11},"end":{"line":65,"column":22}},"loc":{"start":{"line":65,"column":79},"end":{"line":82,"column":3}},"line":65},"5":{"name":"(anonymous_5)","decl":{"start":{"line":66,"column":28},"end":{"line":66,"column":29}},"loc":{"start":{"line":66,"column":38},"end":{"line":81,"column":5}},"line":66}},"branchMap":{"0":{"loc":{"start":{"line":43,"column":9},"end":{"line":43,"column":54}},"type":"cond-expr","locations":[{"start":{"line":43,"column":30},"end":{"line":43,"column":34}},{"start":{"line":43,"column":37},"end":{"line":43,"column":54}}],"line":43},"1":{"loc":{"start":{"line":53,"column":10},"end":{"line":53,"column":21}},"type":"binary-expr","locations":[{"start":{"line":53,"column":10},"end":{"line":53,"column":15}},{"start":{"line":53,"column":19},"end":{"line":53,"column":21}}],"line":53},"2":{"loc":{"start":{"line":65,"column":41},"end":{"line":65,"column":57}},"type":"default-arg","locations":[{"start":{"line":65,"column":55},"end":{"line":65,"column":57}}],"line":65},"3":{"loc":{"start":{"line":66,"column":12},"end":{"line":66,"column":22}},"type":"binary-expr","locations":[{"start":{"line":66,"column":12},"end":{"line":66,"column":16}},{"start":{"line":66,"column":20},"end":{"line":66,"column":22}}],"line":66},"4":{"loc":{"start":{"line":67,"column":23},"end":{"line":69,"column":28}},"type":"cond-expr","locations":[{"start":{"line":68,"column":10},"end":{"line":68,"column":57}},{"start":{"line":69,"column":10},"end":{"line":69,"column":28}}],"line":67},"5":{"loc":{"start":{"line":76,"column":6},"end":{"line":78,"column":7}},"type":"if","locations":[{"start":{"line":76,"column":6},"end":{"line":78,"column":7}},{"start":{"line":76,"column":6},"end":{"line":78,"column":7}}],"line":76}},"s":{"0":4,"1":61,"2":61,"3":61,"4":61,"5":133,"6":133,"7":133,"8":61,"9":519,"10":519,"11":519,"12":187,"13":162,"14":267,"15":267,"16":267,"17":127,"18":267,"19":35},"f":{"0":61,"1":519,"2":187,"3":35,"4":162,"5":267},"b":{"0":[6,513],"1":[187,0],"2":[35],"3":[162,1],"4":[178,89],"5":[127,140]},"_coverageSchema":"43e27e138ebf9cfc5966b082cf9a028302ed4184","hash":"3553d2b2bf6f9395203010e4e139e2ae0df0c88b"}
,"/Users/jilin/projects/antd/rc-cascader/src/OptionList/Column.tsx": {"path":"/Users/jilin/projects/antd/rc-cascader/src/OptionList/Column.tsx","statementMap":{"0":{"start":{"line":35,"column":24},"end":{"line":35,"column":43}},"1":{"start":{"line":36,"column":28},"end":{"line":36,"column":52}},"2":{"start":{"line":37,"column":28},"end":{"line":37,"column":59}},"3":{"start":{"line":40,"column":4},"end":{"line":40,"column":37}},"4":{"start":{"line":43,"column":2},"end":{"line":136,"column":4}},"5":{"start":{"line":46,"column":42},"end":{"line":46,"column":48}},"6":{"start":{"line":47,"column":29},"end":{"line":47,"column":43}},"7":{"start":{"line":49,"column":26},"end":{"line":49,"column":53}},"8":{"start":{"line":52,"column":24},"end":{"line":52,"column":45}},"9":{"start":{"line":55,"column":32},"end":{"line":59,"column":9}},"10":{"start":{"line":56,"column":10},"end":{"line":58,"column":11}},"11":{"start":{"line":57,"column":12},"end":{"line":57,"column":33}},"12":{"start":{"line":62,"column":30},"end":{"line":66,"column":9}},"13":{"start":{"line":63,"column":10},"end":{"line":65,"column":11}},"14":{"start":{"line":64,"column":12},"end":{"line":64,"column":42}},"15":{"start":{"line":70,"column":8},"end":{"line":74,"column":9}},"16":{"start":{"line":71,"column":10},"end":{"line":71,"column":29}},"17":{"start":{"line":72,"column":15},"end":{"line":74,"column":9}},"18":{"start":{"line":73,"column":10},"end":{"line":73,"column":31}},"19":{"start":{"line":77,"column":8},"end":{"line":133,"column":10}},"20":{"start":{"line":90,"column":14},"end":{"line":92,"column":15}},"21":{"start":{"line":91,"column":16},"end":{"line":91,"column":34}},"22":{"start":{"line":106,"column":18},"end":{"line":106,"column":34}},"23":{"start":{"line":113,"column":16},"end":{"line":113,"column":34}},"24":{"start":{"line":114,"column":16},"end":{"line":116,"column":17}},"25":{"start":{"line":115,"column":18},"end":{"line":115,"column":34}},"26":{"start":{"line":119,"column":16},"end":{"line":121,"column":17}},"27":{"start":{"line":120,"column":18},"end":{"line":120,"column":38}}},"fnMap":{"0":{"name":"Column","decl":{"start":{"line":22,"column":24},"end":{"line":22,"column":30}},"loc":{"start":{"line":34,"column":16},"end":{"line":137,"column":1}},"line":34},"1":{"name":"(anonymous_1)","decl":{"start":{"line":45,"column":19},"end":{"line":45,"column":20}},"loc":{"start":{"line":45,"column":29},"end":{"line":134,"column":7}},"line":45},"2":{"name":"(anonymous_2)","decl":{"start":{"line":55,"column":32},"end":{"line":55,"column":33}},"loc":{"start":{"line":55,"column":38},"end":{"line":59,"column":9}},"line":55},"3":{"name":"(anonymous_3)","decl":{"start":{"line":62,"column":30},"end":{"line":62,"column":31}},"loc":{"start":{"line":62,"column":36},"end":{"line":66,"column":9}},"line":62},"4":{"name":"(anonymous_4)","decl":{"start":{"line":89,"column":26},"end":{"line":89,"column":27}},"loc":{"start":{"line":89,"column":32},"end":{"line":93,"column":13}},"line":89},"5":{"name":"(anonymous_5)","decl":{"start":{"line":105,"column":25},"end":{"line":105,"column":26}},"loc":{"start":{"line":105,"column":31},"end":{"line":107,"column":17}},"line":105},"6":{"name":"(anonymous_6)","decl":{"start":{"line":112,"column":23},"end":{"line":112,"column":24}},"loc":{"start":{"line":112,"column":29},"end":{"line":117,"column":15}},"line":112},"7":{"name":"(anonymous_7)","decl":{"start":{"line":118,"column":29},"end":{"line":118,"column":30}},"loc":{"start":{"line":118,"column":35},"end":{"line":122,"column":15}},"line":118}},"branchMap":{"0":{"loc":{"start":{"line":56,"column":10},"end":{"line":58,"column":11}},"type":"if","locations":[{"start":{"line":56,"column":10},"end":{"line":58,"column":11}},{"start":{"line":56,"column":10},"end":{"line":58,"column":11}}],"line":56},"1":{"loc":{"start":{"line":56,"column":14},"end":{"line":56,"column":40}},"type":"binary-expr","locations":[{"start":{"line":56,"column":14},"end":{"line":56,"column":23}},{"start":{"line":56,"column":27},"end":{"line":56,"column":40}}],"line":56},"2":{"loc":{"start":{"line":63,"column":10},"end":{"line":65,"column":11}},"type":"if","locations":[{"start":{"line":63,"column":10},"end":{"line":65,"column":11}},{"start":{"line":63,"column":10},"end":{"line":65,"column":11}}],"line":63},"3":{"loc":{"start":{"line":63,"column":14},"end":{"line":63,"column":71}},"type":"binary-expr","locations":[{"start":{"line":63,"column":14},"end":{"line":63,"column":23}},{"start":{"line":63,"column":28},"end":{"line":63,"column":40}},{"start":{"line":63,"column":44},"end":{"line":63,"column":58}},{"start":{"line":63,"column":62},"end":{"line":63,"column":70}}],"line":63},"4":{"loc":{"start":{"line":70,"column":8},"end":{"line":74,"column":9}},"type":"if","locations":[{"start":{"line":70,"column":8},"end":{"line":74,"column":9}},{"start":{"line":70,"column":8},"end":{"line":74,"column":9}}],"line":70},"5":{"loc":{"start":{"line":72,"column":15},"end":{"line":74,"column":9}},"type":"if","locations":[{"start":{"line":72,"column":15},"end":{"line":74,"column":9}},{"start":{"line":72,"column":15},"end":{"line":74,"column":9}}],"line":72},"6":{"loc":{"start":{"line":90,"column":14},"end":{"line":92,"column":15}},"type":"if","locations":[{"start":{"line":90,"column":14},"end":{"line":92,"column":15}},{"start":{"line":90,"column":14},"end":{"line":92,"column":15}}],"line":90},"7":{"loc":{"start":{"line":95,"column":13},"end":{"line":109,"column":13}},"type":"binary-expr","locations":[{"start":{"line":95,"column":13},"end":{"line":95,"column":21}},{"start":{"line":96,"column":14},"end":{"line":108,"column":16}}],"line":95},"8":{"loc":{"start":{"line":101,"column":60},"end":{"line":101,"column":97}},"type":"binary-expr","locations":[{"start":{"line":101,"column":60},"end":{"line":101,"column":68}},{"start":{"line":101,"column":72},"end":{"line":101,"column":97}}],"line":101},"9":{"loc":{"start":{"line":114,"column":16},"end":{"line":116,"column":17}},"type":"if","locations":[{"start":{"line":114,"column":16},"end":{"line":116,"column":17}},{"start":{"line":114,"column":16},"end":{"line":116,"column":17}}],"line":114},"10":{"loc":{"start":{"line":114,"column":20},"end":{"line":114,"column":45}},"type":"binary-expr","locations":[{"start":{"line":114,"column":20},"end":{"line":114,"column":29}},{"start":{"line":114,"column":33},"end":{"line":114,"column":45}}],"line":114},"11":{"loc":{"start":{"line":119,"column":16},"end":{"line":121,"column":17}},"type":"if","locations":[{"start":{"line":119,"column":16},"end":{"line":121,"column":17}},{"start":{"line":119,"column":16},"end":{"line":121,"column":17}}],"line":119},"12":{"loc":{"start":{"line":126,"column":13},"end":{"line":128,"column":13}},"type":"binary-expr","locations":[{"start":{"line":126,"column":13},"end":{"line":126,"column":23}},{"start":{"line":126,"column":27},"end":{"line":126,"column":37}},{"start":{"line":126,"column":41},"end":{"line":126,"column":54}},{"start":{"line":127,"column":14},"end":{"line":127,"column":84}}],"line":126},"13":{"loc":{"start":{"line":129,"column":13},"end":{"line":131,"column":13}},"type":"binary-expr","locations":[{"start":{"line":129,"column":13},"end":{"line":129,"column":22}},{"start":{"line":129,"column":26},"end":{"line":129,"column":37}},{"start":{"line":130,"column":14},"end":{"line":130,"column":81}}],"line":129}},"s":{"0":217,"1":217,"2":217,"3":217,"4":217,"5":493,"6":493,"7":493,"8":493,"9":493,"10":19,"11":15,"12":493,"13":15,"14":6,"15":493,"16":4,"17":489,"18":489,"19":493,"20":4,"21":4,"22":0,"23":15,"24":15,"25":15,"26":1,"27":1},"f":{"0":217,"1":493,"2":19,"3":15,"4":4,"5":0,"6":15,"7":1},"b":{"0":[15,4],"1":[19,19],"2":[6,9],"3":[15,15,11,9],"4":[4,489],"5":[489,0],"6":[4,0],"7":[493,0],"8":[0,0],"9":[15,0],"10":[15,0],"11":[1,0],"12":[493,492,346,251],"13":[493,1,0]},"_coverageSchema":"43e27e138ebf9cfc5966b082cf9a028302ed4184","hash":"a3166b972e9a5ddccbba40dc4d4fef34dddf6ece"}
,"/Users/jilin/projects/antd/rc-cascader/src/OptionList/index.tsx": {"path":"/Users/jilin/projects/antd/rc-cascader/src/OptionList/index.tsx","statementMap":{"0":{"start":{"line":19,"column":22},"end":{"line":324,"column":2}},"1":{"start":{"line":31,"column":6},"end":{"line":31,"column":11}},"2":{"start":{"line":33,"column":14},"end":{"line":33,"column":33}},"3":{"start":{"line":35,"column":43},"end":{"line":35,"column":74}},"4":{"start":{"line":37,"column":4},"end":{"line":37,"column":37}},"5":{"start":{"line":40,"column":40},"end":{"line":40,"column":58}},"6":{"start":{"line":42,"column":27},"end":{"line":56,"column":3}},"7":{"start":{"line":43,"column":4},"end":{"line":45,"column":5}},"8":{"start":{"line":44,"column":6},"end":{"line":44,"column":13}},"9":{"start":{"line":47,"column":19},"end":{"line":47,"column":95}},"10":{"start":{"line":47,"column":56},"end":{"line":47,"column":94}},"11":{"start":{"line":48,"column":4},"end":{"line":55,"column":5}},"12":{"start":{"line":49,"column":38},"end":{"line":49,"column":87}},"13":{"start":{"line":50,"column":28},"end":{"line":50,"column":59}},"14":{"start":{"line":50,"column":50},"end":{"line":50,"column":58}},"15":{"start":{"line":52,"column":6},"end":{"line":52,"column":81}},"16":{"start":{"line":52,"column":29},"end":{"line":52,"column":79}},"17":{"start":{"line":54,"column":6},"end":{"line":54,"column":30}},"18":{"start":{"line":59,"column":2},"end":{"line":68,"column":36}},"19":{"start":{"line":60,"column":4},"end":{"line":67,"column":5}},"20":{"start":{"line":61,"column":6},"end":{"line":66,"column":9}},"21":{"start":{"line":62,"column":23},"end":{"line":62,"column":75}},"22":{"start":{"line":62,"column":50},"end":{"line":62,"column":74}},"23":{"start":{"line":63,"column":8},"end":{"line":65,"column":9}},"24":{"start":{"line":64,"column":10},"end":{"line":64,"column":73}},"25":{"start":{"line":64,"column":33},"end":{"line":64,"column":71}},"26":{"start":{"line":64,"column":52},"end":{"line":64,"column":70}},"27":{"start":{"line":71,"column":21},"end":{"line":71,"column":77}},"28":{"start":{"line":71,"column":41},"end":{"line":71,"column":61}},"29":{"start":{"line":72,"column":25},"end":{"line":72,"column":89}},"30":{"start":{"line":72,"column":45},"end":{"line":72,"column":69}},"31":{"start":{"line":75,"column":34},"end":{"line":75,"column":65}},"32":{"start":{"line":77,"column":2},"end":{"line":92,"column":13}},"33":{"start":{"line":78,"column":4},"end":{"line":91,"column":5}},"34":{"start":{"line":79,"column":38},"end":{"line":79,"column":40}},"35":{"start":{"line":81,"column":6},"end":{"line":89,"column":7}},"36":{"start":{"line":82,"column":23},"end":{"line":84,"column":9}},"37":{"start":{"line":83,"column":27},"end":{"line":83,"column":70}},"38":{"start":{"line":86,"column":8},"end":{"line":88,"column":9}},"39":{"start":{"line":87,"column":10},"end":{"line":87,"column":80}},"40":{"start":{"line":90,"column":6},"end":{"line":90,"column":32}},"41":{"start":{"line":95,"column":21},"end":{"line":101,"column":3}},"42":{"start":{"line":96,"column":25},"end":{"line":96,"column":65}},"43":{"start":{"line":97,"column":4},"end":{"line":97,"column":30}},"44":{"start":{"line":100,"column":4},"end":{"line":100,"column":32}},"45":{"start":{"line":103,"column":23},"end":{"line":109,"column":3}},"46":{"start":{"line":104,"column":4},"end":{"line":104,"column":66}},"47":{"start":{"line":106,"column":4},"end":{"line":108,"column":5}},"48":{"start":{"line":107,"column":6},"end":{"line":107,"column":26}},"49":{"start":{"line":111,"column":22},"end":{"line":119,"column":3}},"50":{"start":{"line":112,"column":25},"end":{"line":112,"column":32}},"51":{"start":{"line":114,"column":4},"end":{"line":116,"column":5}},"52":{"start":{"line":114,"column":17},"end":{"line":114,"column":18}},"53":{"start":{"line":115,"column":6},"end":{"line":115,"column":100}},"54":{"start":{"line":115,"column":61},"end":{"line":115,"column":89}},"55":{"start":{"line":118,"column":4},"end":{"line":118,"column":26}},"56":{"start":{"line":122,"column":24},"end":{"line":127,"column":4}},"57":{"start":{"line":130,"column":24},"end":{"line":156,"column":44}},"58":{"start":{"line":131,"column":4},"end":{"line":137,"column":5}},"59":{"start":{"line":132,"column":6},"end":{"line":136,"column":8}},"60":{"start":{"line":141,"column":10},"end":{"line":141,"column":12}},"61":{"start":{"line":143,"column":4},"end":{"line":153,"column":5}},"62":{"start":{"line":143,"column":17},"end":{"line":143,"column":18}},"63":{"start":{"line":144,"column":25},"end":{"line":144,"column":58}},"64":{"start":{"line":146,"column":6},"end":{"line":152,"column":7}},"65":{"start":{"line":147,"column":8},"end":{"line":149,"column":11}},"66":{"start":{"line":151,"column":8},"end":{"line":151,"column":14}},"67":{"start":{"line":155,"column":4},"end":{"line":155,"column":28}},"68":{"start":{"line":159,"column":26},"end":{"line":176,"column":3}},"69":{"start":{"line":160,"column":28},"end":{"line":160,"column":55}},"70":{"start":{"line":161,"column":27},"end":{"line":161,"column":74}},"71":{"start":{"line":162,"column":30},"end":{"line":162,"column":92}},"72":{"start":{"line":162,"column":62},"end":{"line":162,"column":91}},"73":{"start":{"line":164,"column":16},"end":{"line":164,"column":37}},"74":{"start":{"line":166,"column":4},"end":{"line":173,"column":5}},"75":{"start":{"line":166,"column":17},"end":{"line":166,"column":18}},"76":{"start":{"line":167,"column":22},"end":{"line":167,"column":66}},"77":{"start":{"line":168,"column":21},"end":{"line":168,"column":44}},"78":{"start":{"line":170,"column":6},"end":{"line":172,"column":7}},"79":{"start":{"line":171,"column":8},"end":{"line":171,"column":22}},"80":{"start":{"line":175,"column":4},"end":{"line":175,"column":16}},"81":{"start":{"line":178,"column":21},"end":{"line":183,"column":3}},"82":{"start":{"line":179,"column":4},"end":{"line":181,"column":5}},"83":{"start":{"line":180,"column":6},"end":{"line":180,"column":26}},"84":{"start":{"line":182,"column":4},"end":{"line":182,"column":39}},"85":{"start":{"line":185,"column":21},"end":{"line":191,"column":3}},"86":{"start":{"line":186,"column":28},"end":{"line":186,"column":43}},"87":{"start":{"line":187,"column":29},"end":{"line":187,"column":64}},"88":{"start":{"line":188,"column":4},"end":{"line":190,"column":5}},"89":{"start":{"line":189,"column":6},"end":{"line":189,"column":58}},"90":{"start":{"line":193,"column":2},"end":{"line":274,"column":6}},"91":{"start":{"line":193,"column":40},"end":{"line":274,"column":3}},"92":{"start":{"line":196,"column":24},"end":{"line":196,"column":29}},"93":{"start":{"line":198,"column":6},"end":{"line":271,"column":7}},"94":{"start":{"line":202,"column":23},"end":{"line":202,"column":24}},"95":{"start":{"line":203,"column":10},"end":{"line":207,"column":11}},"96":{"start":{"line":204,"column":12},"end":{"line":204,"column":24}},"97":{"start":{"line":205,"column":17},"end":{"line":207,"column":11}},"98":{"start":{"line":206,"column":12},"end":{"line":206,"column":23}},"99":{"start":{"line":209,"column":10},"end":{"line":215,"column":11}},"100":{"start":{"line":210,"column":38},"end":{"line":210,"column":70}},"101":{"start":{"line":211,"column":37},"end":{"line":211,"column":79}},"102":{"start":{"line":212,"column":12},"end":{"line":214,"column":13}},"103":{"start":{"line":213,"column":14},"end":{"line":213,"column":68}},"104":{"start":{"line":217,"column":10},"end":{"line":217,"column":16}},"105":{"start":{"line":221,"column":10},"end":{"line":225,"column":11}},"106":{"start":{"line":222,"column":12},"end":{"line":222,"column":25}},"107":{"start":{"line":224,"column":12},"end":{"line":224,"column":25}},"108":{"start":{"line":226,"column":10},"end":{"line":226,"column":16}},"109":{"start":{"line":230,"column":10},"end":{"line":234,"column":11}},"110":{"start":{"line":231,"column":12},"end":{"line":231,"column":25}},"111":{"start":{"line":233,"column":12},"end":{"line":233,"column":25}},"112":{"start":{"line":235,"column":10},"end":{"line":235,"column":16}},"113":{"start":{"line":239,"column":10},"end":{"line":239,"column":23}},"114":{"start":{"line":240,"column":10},"end":{"line":240,"column":16}},"115":{"start":{"line":245,"column":28},"end":{"line":245,"column":57}},"116":{"start":{"line":246,"column":25},"end":{"line":248,"column":11}},"117":{"start":{"line":247,"column":19},"end":{"line":247,"column":42}},"118":{"start":{"line":250,"column":23},"end":{"line":250,"column":37}},"119":{"start":{"line":252,"column":10},"end":{"line":254,"column":11}},"120":{"start":{"line":253,"column":12},"end":{"line":253,"column":42}},"121":{"start":{"line":257,"column":10},"end":{"line":259,"column":11}},"122":{"start":{"line":258,"column":12},"end":{"line":258,"column":32}},"123":{"start":{"line":260,"column":10},"end":{"line":260,"column":16}},"124":{"start":{"line":265,"column":10},"end":{"line":265,"column":30}},"125":{"start":{"line":267,"column":10},"end":{"line":269,"column":11}},"126":{"start":{"line":268,"column":12},"end":{"line":268,"column":36}},"127":{"start":{"line":277,"column":22},"end":{"line":285,"column":3}},"128":{"start":{"line":288,"column":38},"end":{"line":295,"column":3}},"129":{"start":{"line":298,"column":30},"end":{"line":300,"column":30}},"130":{"start":{"line":302,"column":44},"end":{"line":310,"column":4}},"131":{"start":{"line":303,"column":4},"end":{"line":309,"column":6}},"132":{"start":{"line":313,"column":2},"end":{"line":323,"column":4}}},"fnMap":{"0":{"name":"(anonymous_0)","decl":{"start":{"line":19,"column":76},"end":{"line":19,"column":77}},"loc":{"start":{"line":19,"column":92},"end":{"line":324,"column":1}},"line":19},"1":{"name":"(anonymous_1)","decl":{"start":{"line":42,"column":27},"end":{"line":42,"column":28}},"loc":{"start":{"line":42,"column":53},"end":{"line":56,"column":3}},"line":42},"2":{"name":"(anonymous_2)","decl":{"start":{"line":47,"column":39},"end":{"line":47,"column":40}},"loc":{"start":{"line":47,"column":56},"end":{"line":47,"column":94}},"line":47},"3":{"name":"(anonymous_3)","decl":{"start":{"line":50,"column":43},"end":{"line":50,"column":44}},"loc":{"start":{"line":50,"column":50},"end":{"line":50,"column":58}},"line":50},"4":{"name":"(anonymous_4)","decl":{"start":{"line":52,"column":21},"end":{"line":52,"column":22}},"loc":{"start":{"line":52,"column":29},"end":{"line":52,"column":79}},"line":52},"5":{"name":"(anonymous_5)","decl":{"start":{"line":59,"column":18},"end":{"line":59,"column":19}},"loc":{"start":{"line":59,"column":24},"end":{"line":68,"column":3}},"line":59},"6":{"name":"(anonymous_6)","decl":{"start":{"line":61,"column":26},"end":{"line":61,"column":27}},"loc":{"start":{"line":61,"column":40},"end":{"line":66,"column":7}},"line":61},"7":{"name":"(anonymous_7)","decl":{"start":{"line":62,"column":43},"end":{"line":62,"column":44}},"loc":{"start":{"line":62,"column":50},"end":{"line":62,"column":74}},"line":62},"8":{"name":"(anonymous_8)","decl":{"start":{"line":64,"column":25},"end":{"line":64,"column":26}},"loc":{"start":{"line":64,"column":33},"end":{"line":64,"column":71}},"line":64},"9":{"name":"(anonymous_9)","decl":{"start":{"line":64,"column":45},"end":{"line":64,"column":46}},"loc":{"start":{"line":64,"column":52},"end":{"line":64,"column":70}},"line":64},"10":{"name":"(anonymous_10)","decl":{"start":{"line":71,"column":35},"end":{"line":71,"column":36}},"loc":{"start":{"line":71,"column":41},"end":{"line":71,"column":61}},"line":71},"11":{"name":"(anonymous_11)","decl":{"start":{"line":72,"column":39},"end":{"line":72,"column":40}},"loc":{"start":{"line":72,"column":45},"end":{"line":72,"column":69}},"line":72},"12":{"name":"(anonymous_12)","decl":{"start":{"line":77,"column":18},"end":{"line":77,"column":19}},"loc":{"start":{"line":77,"column":24},"end":{"line":92,"column":3}},"line":77},"13":{"name":"(anonymous_13)","decl":{"start":{"line":83,"column":10},"end":{"line":83,"column":11}},"loc":{"start":{"line":83,"column":27},"end":{"line":83,"column":70}},"line":83},"14":{"name":"(anonymous_14)","decl":{"start":{"line":95,"column":21},"end":{"line":95,"column":22}},"loc":{"start":{"line":95,"column":62},"end":{"line":101,"column":3}},"line":95},"15":{"name":"(anonymous_15)","decl":{"start":{"line":103,"column":23},"end":{"line":103,"column":24}},"loc":{"start":{"line":103,"column":64},"end":{"line":109,"column":3}},"line":103},"16":{"name":"(anonymous_16)","decl":{"start":{"line":111,"column":22},"end":{"line":111,"column":23}},"loc":{"start":{"line":111,"column":49},"end":{"line":119,"column":3}},"line":111},"17":{"name":"(anonymous_17)","decl":{"start":{"line":115,"column":51},"end":{"line":115,"column":52}},"loc":{"start":{"line":115,"column":61},"end":{"line":115,"column":89}},"line":115},"18":{"name":"(anonymous_18)","decl":{"start":{"line":130,"column":38},"end":{"line":130,"column":39}},"loc":{"start":{"line":130,"column":44},"end":{"line":156,"column":3}},"line":130},"19":{"name":"(anonymous_19)","decl":{"start":{"line":159,"column":26},"end":{"line":159,"column":27}},"loc":{"start":{"line":159,"column":73},"end":{"line":176,"column":3}},"line":159},"20":{"name":"(anonymous_20)","decl":{"start":{"line":162,"column":55},"end":{"line":162,"column":56}},"loc":{"start":{"line":162,"column":62},"end":{"line":162,"column":91}},"line":162},"21":{"name":"(anonymous_21)","decl":{"start":{"line":178,"column":21},"end":{"line":178,"column":22}},"loc":{"start":{"line":178,"column":27},"end":{"line":183,"column":3}},"line":178},"22":{"name":"(anonymous_22)","decl":{"start":{"line":185,"column":21},"end":{"line":185,"column":22}},"loc":{"start":{"line":185,"column":27},"end":{"line":191,"column":3}},"line":185},"23":{"name":"(anonymous_23)","decl":{"start":{"line":193,"column":33},"end":{"line":193,"column":34}},"loc":{"start":{"line":193,"column":40},"end":{"line":274,"column":3}},"line":193},"24":{"name":"(anonymous_24)","decl":{"start":{"line":195,"column":15},"end":{"line":195,"column":16}},"loc":{"start":{"line":195,"column":24},"end":{"line":272,"column":5}},"line":195},"25":{"name":"(anonymous_25)","decl":{"start":{"line":247,"column":12},"end":{"line":247,"column":13}},"loc":{"start":{"line":247,"column":19},"end":{"line":247,"column":42}},"line":247},"26":{"name":"(anonymous_26)","decl":{"start":{"line":273,"column":13},"end":{"line":273,"column":14}},"loc":{"start":{"line":273,"column":19},"end":{"line":273,"column":21}},"line":273},"27":{"name":"(anonymous_27)","decl":{"start":{"line":302,"column":68},"end":{"line":302,"column":69}},"loc":{"start":{"line":303,"column":4},"end":{"line":309,"column":6}},"line":303}},"branchMap":{"0":{"loc":{"start":{"line":43,"column":4},"end":{"line":45,"column":5}},"type":"if","locations":[{"start":{"line":43,"column":4},"end":{"line":45,"column":5}},{"start":{"line":43,"column":4},"end":{"line":45,"column":5}}],"line":43},"1":{"loc":{"start":{"line":48,"column":4},"end":{"line":55,"column":5}},"type":"if","locations":[{"start":{"line":48,"column":4},"end":{"line":55,"column":5}},{"start":{"line":48,"column":4},"end":{"line":55,"column":5}}],"line":48},"2":{"loc":{"start":{"line":60,"column":4},"end":{"line":67,"column":5}},"type":"if","locations":[{"start":{"line":60,"column":4},"end":{"line":67,"column":5}},{"start":{"line":60,"column":4},"end":{"line":67,"column":5}}],"line":60},"3":{"loc":{"start":{"line":63,"column":8},"end":{"line":65,"column":9}},"type":"if","locations":[{"start":{"line":63,"column":8},"end":{"line":65,"column":9}},{"start":{"line":63,"column":8},"end":{"line":65,"column":9}}],"line":63},"4":{"loc":{"start":{"line":78,"column":4},"end":{"line":91,"column":5}},"type":"if","locations":[{"start":{"line":78,"column":4},"end":{"line":91,"column":5}},{"start":{"line":78,"column":4},"end":{"line":91,"column":5}}],"line":78},"5":{"loc":{"start":{"line":81,"column":6},"end":{"line":89,"column":7}},"type":"if","locations":[{"start":{"line":81,"column":6},"end":{"line":89,"column":7}},{"start":{"line":81,"column":6},"end":{"line":89,"column":7}}],"line":81},"6":{"loc":{"start":{"line":81,"column":10},"end":{"line":81,"column":41}},"type":"binary-expr","locations":[{"start":{"line":81,"column":10},"end":{"line":81,"column":19}},{"start":{"line":81,"column":23},"end":{"line":81,"column":41}}],"line":81},"7":{"loc":{"start":{"line":86,"column":8},"end":{"line":88,"column":9}},"type":"if","locations":[{"start":{"line":86,"column":8},"end":{"line":88,"column":9}},{"start":{"line":86,"column":8},"end":{"line":88,"column":9}}],"line":86},"8":{"loc":{"start":{"line":106,"column":4},"end":{"line":108,"column":5}},"type":"if","locations":[{"start":{"line":106,"column":4},"end":{"line":108,"column":5}},{"start":{"line":106,"column":4},"end":{"line":108,"column":5}}],"line":106},"9":{"loc":{"start":{"line":106,"column":8},"end":{"line":106,"column":76}},"type":"binary-expr","locations":[{"start":{"line":106,"column":8},"end":{"line":106,"column":17}},{"start":{"line":106,"column":22},"end":{"line":106,"column":26}},{"start":{"line":106,"column":31},"end":{"line":106,"column":45}},{"start":{"line":106,"column":49},"end":{"line":106,"column":74}}],"line":106},"10":{"loc":{"start":{"line":115,"column":24},"end":{"line":115,"column":44}},"type":"binary-expr","locations":[{"start":{"line":115,"column":24},"end":{"line":115,"column":38}},{"start":{"line":115,"column":42},"end":{"line":115,"column":44}}],"line":115},"11":{"loc":{"start":{"line":131,"column":4},"end":{"line":137,"column":5}},"type":"if","locations":[{"start":{"line":131,"column":4},"end":{"line":137,"column":5}},{"start":{"line":131,"column":4},"end":{"line":137,"column":5}}],"line":131},"12":{"loc":{"start":{"line":146,"column":6},"end":{"line":152,"column":7}},"type":"if","locations":[{"start":{"line":146,"column":6},"end":{"line":152,"column":7}},{"start":{"line":146,"column":6},"end":{"line":152,"column":7}}],"line":146},"13":{"loc":{"start":{"line":161,"column":27},"end":{"line":161,"column":74}},"type":"binary-expr","locations":[{"start":{"line":161,"column":27},"end":{"line":161,"column":68}},{"start":{"line":161,"column":72},"end":{"line":161,"column":74}}],"line":161},"14":{"loc":{"start":{"line":170,"column":6},"end":{"line":172,"column":7}},"type":"if","locations":[{"start":{"line":170,"column":6},"end":{"line":172,"column":7}},{"start":{"line":170,"column":6},"end":{"line":172,"column":7}}],"line":170},"15":{"loc":{"start":{"line":179,"column":4},"end":{"line":181,"column":5}},"type":"if","locations":[{"start":{"line":179,"column":4},"end":{"line":181,"column":5}},{"start":{"line":179,"column":4},"end":{"line":181,"column":5}}],"line":179},"16":{"loc":{"start":{"line":188,"column":4},"end":{"line":190,"column":5}},"type":"if","locations":[{"start":{"line":188,"column":4},"end":{"line":190,"column":5}},{"start":{"line":188,"column":4},"end":{"line":190,"column":5}}],"line":188},"17":{"loc":{"start":{"line":198,"column":6},"end":{"line":271,"column":7}},"type":"switch","locations":[{"start":{"line":200,"column":8},"end":{"line":200,"column":24}},{"start":{"line":201,"column":8},"end":{"line":218,"column":9}},{"start":{"line":220,"column":8},"end":{"line":227,"column":9}},{"start":{"line":229,"column":8},"end":{"line":236,"column":9}},{"start":{"line":238,"column":8},"end":{"line":241,"column":9}},{"start":{"line":244,"column":8},"end":{"line":261,"column":9}},{"start":{"line":264,"column":8},"end":{"line":270,"column":9}}],"line":198},"18":{"loc":{"start":{"line":203,"column":10},"end":{"line":207,"column":11}},"type":"if","locations":[{"start":{"line":203,"column":10},"end":{"line":207,"column":11}},{"start":{"line":203,"column":10},"end":{"line":207,"column":11}}],"line":203},"19":{"loc":{"start":{"line":205,"column":17},"end":{"line":207,"column":11}},"type":"if","locations":[{"start":{"line":205,"column":17},"end":{"line":207,"column":11}},{"start":{"line":205,"column":17},"end":{"line":207,"column":11}}],"line":205},"20":{"loc":{"start":{"line":209,"column":10},"end":{"line":215,"column":11}},"type":"if","locations":[{"start":{"line":209,"column":10},"end":{"line":215,"column":11}},{"start":{"line":209,"column":10},"end":{"line":215,"column":11}}],"line":209},"21":{"loc":{"start":{"line":212,"column":12},"end":{"line":214,"column":13}},"type":"if","locations":[{"start":{"line":212,"column":12},"end":{"line":214,"column":13}},{"start":{"line":212,"column":12},"end":{"line":214,"column":13}}],"line":212},"22":{"loc":{"start":{"line":221,"column":10},"end":{"line":225,"column":11}},"type":"if","locations":[{"start":{"line":221,"column":10},"end":{"line":225,"column":11}},{"start":{"line":221,"column":10},"end":{"line":225,"column":11}}],"line":221},"23":{"loc":{"start":{"line":230,"column":10},"end":{"line":234,"column":11}},"type":"if","locations":[{"start":{"line":230,"column":10},"end":{"line":234,"column":11}},{"start":{"line":230,"column":10},"end":{"line":234,"column":11}}],"line":230},"24":{"loc":{"start":{"line":252,"column":10},"end":{"line":254,"column":11}},"type":"if","locations":[{"start":{"line":252,"column":10},"end":{"line":254,"column":11}},{"start":{"line":252,"column":10},"end":{"line":254,"column":11}}],"line":252},"25":{"loc":{"start":{"line":252,"column":14},"end":{"line":252,"column":48}},"type":"binary-expr","locations":[{"start":{"line":252,"column":14},"end":{"line":252,"column":22}},{"start":{"line":252,"column":26},"end":{"line":252,"column":40}},{"start":{"line":252,"column":44},"end":{"line":252,"column":48}}],"line":252},"26":{"loc":{"start":{"line":257,"column":10},"end":{"line":259,"column":11}},"type":"if","locations":[{"start":{"line":257,"column":10},"end":{"line":259,"column":11}},{"start":{"line":257,"column":10},"end":{"line":259,"column":11}}],"line":257},"27":{"loc":{"start":{"line":267,"column":10},"end":{"line":269,"column":11}},"type":"if","locations":[{"start":{"line":267,"column":10},"end":{"line":269,"column":11}},{"start":{"line":267,"column":10},"end":{"line":269,"column":11}}],"line":267},"28":{"loc":{"start":{"line":298,"column":30},"end":{"line":300,"column":30}},"type":"cond-expr","locations":[{"start":{"line":299,"column":6},"end":{"line":299,"column":19}},{"start":{"line":300,"column":6},"end":{"line":300,"column":30}}],"line":298}},"s":{"0":4,"1":136,"2":136,"3":136,"4":136,"5":136,"6":136,"7":22,"8":21,"9":1,"10":1,"11":1,"12":1,"13":1,"14":1,"15":1,"16":1,"17":1,"18":136,"19":40,"20":1,"21":1,"22":1,"23":1,"24":0,"25":0,"26":0,"27":136,"28":39,"29":136,"30":39,"31":136,"32":136,"33":57,"34":40,"35":40,"36":11,"37":35,"38":11,"39":10,"40":40,"41":136,"42":22,"43":22,"44":22,"45":136,"46":7,"47":7,"48":6,"49":136,"50":157,"51":157,"52":157,"53":90,"54":103,"55":157,"56":136,"57":136,"58":105,"59":6,"60":99,"61":99,"62":99,"63":157,"64":157,"65":147,"66":10,"67":99,"68":136,"69":7,"70":7,"71":7,"72":12,"73":7,"74":7,"75":7,"76":7,"77":7,"78":7,"79":7,"80":0,"81":136,"82":4,"83":2,"84":4,"85":136,"86":5,"87":5,"88":5,"89":5,"90":136,"91":136,"92":17,"93":17,"94":2,"95":2,"96":0,"97":2,"98":2,"99":2,"100":2,"101":2,"102":2,"103":2,"104":2,"105":3,"106":0,"107":3,"108":3,"109":5,"110":0,"111":5,"112":5,"113":1,"114":1,"115":1,"116":1,"117":1,"118":1,"119":1,"120":1,"121":1,"122":0,"123":1,"124":4,"125":4,"126":4,"127":136,"128":136,"129":136,"130":136,"131":217,"132":136},"f":{"0":136,"1":22,"2":1,"3":1,"4":1,"5":40,"6":1,"7":1,"8":0,"9":0,"10":39,"11":39,"12":57,"13":35,"14":22,"15":7,"16":157,"17":103,"18":105,"19":7,"20":12,"21":4,"22":5,"23":136,"24":17,"25":1,"26":0,"27":217},"b":{"0":[21,1],"1":[1,0],"2":[1,39],"3":[0,1],"4":[40,17],"5":[11,29],"6":[40,40],"7":[10,1],"8":[6,1],"9":[7,7,2,2],"10":[90,0],"11":[6,99],"12":[147,10],"13":[7,0],"14":[7,0],"15":[2,2],"16":[5,0],"17":[0,2,3,5,1,1,4],"18":[0,2],"19":[2,0],"20":[2,0],"21":[2,0],"22":[0,3],"23":[0,5],"24":[1,0],"25":[1,1,1],"26":[0,1],"27":[4,0],"28":[131,5]},"_coverageSchema":"43e27e138ebf9cfc5966b082cf9a028302ed4184","hash":"a24d58c779c7494f0d0efa20f10a71a5b3ff944c"}
,"/Users/jilin/projects/antd/rc-cascader/src/hooks/useSearchConfig.ts": {"path":"/Users/jilin/projects/antd/rc-cascader/src/hooks/useSearchConfig.ts","statementMap":{"0":{"start":{"line":7,"column":2},"end":{"line":25,"column":19}},"1":{"start":{"line":8,"column":4},"end":{"line":10,"column":5}},"2":{"start":{"line":9,"column":6},"end":{"line":9,"column":25}},"3":{"start":{"line":12,"column":39},"end":{"line":15,"column":5}},"4":{"start":{"line":17,"column":4},"end":{"line":22,"column":5}},"5":{"start":{"line":18,"column":6},"end":{"line":21,"column":8}},"6":{"start":{"line":24,"column":4},"end":{"line":24,"column":32}}},"fnMap":{"0":{"name":"useSearchConfig","decl":{"start":{"line":6,"column":24},"end":{"line":6,"column":39}},"loc":{"start":{"line":6,"column":82},"end":{"line":26,"column":1}},"line":6},"1":{"name":"(anonymous_1)","decl":{"start":{"line":7,"column":50},"end":{"line":7,"column":51}},"loc":{"start":{"line":7,"column":56},"end":{"line":25,"column":3}},"line":7}},"branchMap":{"0":{"loc":{"start":{"line":8,"column":4},"end":{"line":10,"column":5}},"type":"if","locations":[{"start":{"line":8,"column":4},"end":{"line":10,"column":5}},{"start":{"line":8,"column":4},"end":{"line":10,"column":5}}],"line":8},"1":{"loc":{"start":{"line":17,"column":4},"end":{"line":22,"column":5}},"type":"if","locations":[{"start":{"line":17,"column":4},"end":{"line":22,"column":5}},{"start":{"line":17,"column":4},"end":{"line":22,"column":5}}],"line":17},"2":{"loc":{"start":{"line":17,"column":8},"end":{"line":17,"column":52}},"type":"binary-expr","locations":[{"start":{"line":17,"column":8},"end":{"line":17,"column":18}},{"start":{"line":17,"column":22},"end":{"line":17,"column":52}}],"line":17}},"s":{"0":51,"1":35,"2":30,"3":5,"4":5,"5":3,"6":5},"f":{"0":51,"1":35},"b":{"0":[30,5],"1":[3,2],"2":[5,5]},"_coverageSchema":"43e27e138ebf9cfc5966b082cf9a028302ed4184","hash":"b7f498d195a1a4fd1389a8a3c1eeb82cc55a66ef"}
,"/Users/jilin/projects/antd/rc-cascader/src/hooks/useSearchResult.ts": {"path":"/Users/jilin/projects/antd/rc-cascader/src/hooks/useSearchResult.ts","statementMap":{"0":{"start":{"line":6,"column":48},"end":{"line":7,"column":86}},"1":{"start":{"line":7,"column":2},"end":{"line":7,"column":86}},"2":{"start":{"line":7,"column":22},"end":{"line":7,"column":85}},"3":{"start":{"line":9,"column":48},"end":{"line":10,"column":52}},"4":{"start":{"line":10,"column":2},"end":{"line":10,"column":52}},"5":{"start":{"line":10,"column":18},"end":{"line":10,"column":39}},"6":{"start":{"line":23,"column":4},"end":{"line":23,"column":16}},"7":{"start":{"line":26,"column":23},"end":{"line":26,"column":59}},"8":{"start":{"line":27,"column":23},"end":{"line":27,"column":59}},"9":{"start":{"line":31,"column":29},"end":{"line":74,"column":91}},"10":{"start":{"line":32,"column":4},"end":{"line":34,"column":5}},"11":{"start":{"line":33,"column":6},"end":{"line":33,"column":16}},"12":{"start":{"line":37,"column":24},"end":{"line":44,"column":6}},"13":{"start":{"line":38,"column":26},"end":{"line":38,"column":75}},"14":{"start":{"line":39,"column":31},"end":{"line":39,"column":59}},"15":{"start":{"line":39,"column":50},"end":{"line":39,"column":58}},"16":{"start":{"line":40,"column":6},"end":{"line":43,"column":8}},"17":{"start":{"line":47,"column":4},"end":{"line":49,"column":5}},"18":{"start":{"line":48,"column":6},"end":{"line":48,"column":80}},"19":{"start":{"line":48,"column":59},"end":{"line":48,"column":78}},"20":{"start":{"line":52,"column":47},"end":{"line":52,"column":49}},"21":{"start":{"line":53,"column":4},"end":{"line":64,"column":5}},"22":{"start":{"line":53,"column":17},"end":{"line":53,"column":18}},"23":{"start":{"line":55,"column":6},"end":{"line":57,"column":7}},"24":{"start":{"line":56,"column":8},"end":{"line":56,"column":14}},"25":{"start":{"line":60,"column":21},"end":{"line":60,"column":37}},"26":{"start":{"line":61,"column":6},"end":{"line":63,"column":7}},"27":{"start":{"line":62,"column":8},"end":{"line":62,"column":34}},"28":{"start":{"line":67,"column":4},"end":{"line":71,"column":5}},"29":{"start":{"line":68,"column":6},"end":{"line":70,"column":9}},"30":{"start":{"line":69,"column":8},"end":{"line":69,"column":98}},"31":{"start":{"line":73,"column":4},"end":{"line":73,"column":24}},"32":{"start":{"line":78,"column":18},"end":{"line":86,"column":76}},"33":{"start":{"line":79,"column":4},"end":{"line":85,"column":7}},"34":{"start":{"line":80,"column":20},"end":{"line":80,"column":86}},"35":{"start":{"line":81,"column":6},"end":{"line":84,"column":8}},"36":{"start":{"line":88,"column":2},"end":{"line":88,"column":17}}},"fnMap":{"0":{"name":"(anonymous_0)","decl":{"start":{"line":6,"column":48},"end":{"line":6,"column":49}},"loc":{"start":{"line":7,"column":2},"end":{"line":7,"column":86}},"line":7},"1":{"name":"(anonymous_1)","decl":{"start":{"line":7,"column":15},"end":{"line":7,"column":16}},"loc":{"start":{"line":7,"column":22},"end":{"line":7,"column":85}},"line":7},"2":{"name":"(anonymous_2)","decl":{"start":{"line":9,"column":48},"end":{"line":9,"column":49}},"loc":{"start":{"line":10,"column":2},"end":{"line":10,"column":52}},"line":10},"3":{"name":"(anonymous_3)","decl":{"start":{"line":10,"column":11},"end":{"line":10,"column":12}},"loc":{"start":{"line":10,"column":18},"end":{"line":10,"column":39}},"line":10},"4":{"name":"useSearchResult","decl":{"start":{"line":21,"column":24},"end":{"line":21,"column":39}},"loc":{"start":{"line":21,"column":74},"end":{"line":89,"column":1}},"line":21},"5":{"name":"(anonymous_5)","decl":{"start":{"line":31,"column":43},"end":{"line":31,"column":44}},"loc":{"start":{"line":31,"column":49},"end":{"line":74,"column":3}},"line":31},"6":{"name":"(anonymous_6)","decl":{"start":{"line":37,"column":43},"end":{"line":37,"column":44}},"loc":{"start":{"line":37,"column":53},"end":{"line":44,"column":5}},"line":37},"7":{"name":"(anonymous_7)","decl":{"start":{"line":39,"column":43},"end":{"line":39,"column":44}},"loc":{"start":{"line":39,"column":50},"end":{"line":39,"column":58}},"line":39},"8":{"name":"(anonymous_8)","decl":{"start":{"line":48,"column":43},"end":{"line":48,"column":44}},"loc":{"start":{"line":48,"column":59},"end":{"line":48,"column":78}},"line":48},"9":{"name":"(anonymous_9)","decl":{"start":{"line":68,"column":24},"end":{"line":68,"column":25}},"loc":{"start":{"line":68,"column":34},"end":{"line":70,"column":7}},"line":68},"10":{"name":"(anonymous_10)","decl":{"start":{"line":78,"column":32},"end":{"line":78,"column":33}},"loc":{"start":{"line":78,"column":38},"end":{"line":86,"column":3}},"line":78},"11":{"name":"(anonymous_11)","decl":{"start":{"line":79,"column":34},"end":{"line":79,"column":35}},"loc":{"start":{"line":79,"column":68},"end":{"line":85,"column":5}},"line":79}},"branchMap":{"0":{"loc":{"start":{"line":26,"column":23},"end":{"line":26,"column":59}},"type":"binary-expr","locations":[{"start":{"line":26,"column":23},"end":{"line":26,"column":42}},{"start":{"line":26,"column":46},"end":{"line":26,"column":59}}],"line":26},"1":{"loc":{"start":{"line":27,"column":23},"end":{"line":27,"column":59}},"type":"binary-expr","locations":[{"start":{"line":27,"column":23},"end":{"line":27,"column":42}},{"start":{"line":27,"column":46},"end":{"line":27,"column":59}}],"line":27},"2":{"loc":{"start":{"line":32,"column":4},"end":{"line":34,"column":5}},"type":"if","locations":[{"start":{"line":32,"column":4},"end":{"line":34,"column":5}},{"start":{"line":32,"column":4},"end":{"line":34,"column":5}}],"line":32},"3":{"loc":{"start":{"line":47,"column":4},"end":{"line":49,"column":5}},"type":"if","locations":[{"start":{"line":47,"column":4},"end":{"line":49,"column":5}},{"start":{"line":47,"column":4},"end":{"line":49,"column":5}}],"line":47},"4":{"loc":{"start":{"line":55,"column":6},"end":{"line":57,"column":7}},"type":"if","locations":[{"start":{"line":55,"column":6},"end":{"line":57,"column":7}},{"start":{"line":55,"column":6},"end":{"line":57,"column":7}}],"line":55},"5":{"loc":{"start":{"line":55,"column":10},"end":{"line":55,"column":73}},"type":"binary-expr","locations":[{"start":{"line":55,"column":10},"end":{"line":55,"column":28}},{"start":{"line":55,"column":32},"end":{"line":55,"column":73}}],"line":55},"6":{"loc":{"start":{"line":61,"column":6},"end":{"line":63,"column":7}},"type":"if","locations":[{"start":{"line":61,"column":6},"end":{"line":63,"column":7}},{"start":{"line":61,"column":6},"end":{"line":63,"column":7}}],"line":61},"7":{"loc":{"start":{"line":67,"column":4},"end":{"line":71,"column":5}},"type":"if","locations":[{"start":{"line":67,"column":4},"end":{"line":71,"column":5}},{"start":{"line":67,"column":4},"end":{"line":71,"column":5}}],"line":67}},"s":{"0":4,"1":19,"2":38,"3":4,"4":10,"5":29,"6":136,"7":136,"8":136,"9":136,"10":39,"11":33,"12":6,"13":30,"14":30,"15":60,"16":30,"17":6,"18":5,"19":25,"20":6,"21":6,"22":6,"23":20,"24":1,"25":19,"26":19,"27":12,"28":6,"29":1,"30":1,"31":6,"32":136,"33":39,"34":12,"35":12,"36":136},"f":{"0":19,"1":38,"2":10,"3":29,"4":136,"5":39,"6":30,"7":60,"8":25,"9":1,"10":39,"11":12},"b":{"0":[136,136],"1":[136,133],"2":[33,6],"3":[5,1],"4":[1,19],"5":[20,17],"6":[12,7],"7":[1,5]},"_coverageSchema":"43e27e138ebf9cfc5966b082cf9a028302ed4184","hash":"c8946832dc9d134c9c7486264bfdd797ebbfd0a4"}
,"/Users/jilin/projects/antd/rc-cascader/src/hooks/useUpdateEffect.ts": {"path":"/Users/jilin/projects/antd/rc-cascader/src/hooks/useUpdateEffect.ts","statementMap":{"0":{"start":{"line":7,"column":21},"end":{"line":7,"column":39}},"1":{"start":{"line":9,"column":2},"end":{"line":17,"column":16}},"2":{"start":{"line":10,"column":4},"end":{"line":13,"column":5}},"3":{"start":{"line":11,"column":6},"end":{"line":11,"column":33}},"4":{"start":{"line":12,"column":6},"end":{"line":12,"column":13}},"5":{"start":{"line":16,"column":4},"end":{"line":16,"column":21}}},"fnMap":{"0":{"name":"useUpdateEffect","decl":{"start":{"line":6,"column":24},"end":{"line":6,"column":39}},"loc":{"start":{"line":6,"column":80},"end":{"line":18,"column":1}},"line":6},"1":{"name":"(anonymous_1)","decl":{"start":{"line":9,"column":18},"end":{"line":9,"column":19}},"loc":{"start":{"line":9,"column":24},"end":{"line":17,"column":3}},"line":9}},"branchMap":{"0":{"loc":{"start":{"line":10,"column":4},"end":{"line":13,"column":5}},"type":"if","locations":[{"start":{"line":10,"column":4},"end":{"line":13,"column":5}},{"start":{"line":10,"column":4},"end":{"line":13,"column":5}}],"line":10}},"s":{"0":51,"1":51,"2":36,"3":35,"4":35,"5":1},"f":{"0":51,"1":36},"b":{"0":[35,1]},"_coverageSchema":"43e27e138ebf9cfc5966b082cf9a028302ed4184","hash":"d54101987d46e9479ee1cea1d2c8df92961e3b0e"}
}
