TN:
SF:/Users/jilin/projects/antd/rc-cascader/src/Cascader.tsx
FN:120,(anonymous_0)
FN:150,(anonymous_1)
FN:155,(anonymous_2)
FN:156,(anonymous_3)
FN:159,(anonymous_4)
FN:164,(anonymous_5)
FN:176,(anonymous_6)
FN:186,(anonymous_7)
FN:197,(anonymous_8)
FN:201,(anonymous_9)
FN:206,(anonymous_10)
FN:214,(anonymous_11)
FN:219,(anonymous_12)
FN:228,(anonymous_13)
FN:230,(anonymous_14)
FN:232,(anonymous_15)
FN:234,(anonymous_16)
FN:265,(anonymous_17)
FN:272,(anonymous_18)
FN:322,(anonymous_19)
FN:327,(anonymous_20)
FNF:21
FNH:18
FNDA:51,(anonymous_0)
FNDA:35,(anonymous_1)
FNDA:0,(anonymous_2)
FNDA:0,(anonymous_3)
FNDA:0,(anonymous_4)
FNDA:7,(anonymous_5)
FNDA:35,(anonymous_6)
FNDA:36,(anonymous_7)
FNDA:35,(anonymous_8)
FNDA:1,(anonymous_9)
FNDA:13,(anonymous_10)
FNDA:32,(anonymous_11)
FNDA:7,(anonymous_12)
FNDA:7,(anonymous_13)
FNDA:7,(anonymous_14)
FNDA:17,(anonymous_15)
FNDA:17,(anonymous_16)
FNDA:50,(anonymous_17)
FNDA:35,(anonymous_18)
FNDA:12,(anonymous_19)
FNDA:151,(anonymous_20)
DA:36,4
DA:120,4
DA:146,51
DA:148,51
DA:150,51
DA:153,51
DA:155,51
DA:157,0
DA:160,0
DA:164,51
DA:165,7
DA:168,51
DA:173,51
DA:176,51
DA:177,35
DA:186,51
DA:189,36
DA:190,36
DA:191,9
DA:194,36
DA:197,51
DA:198,35
DA:201,51
DA:202,1
DA:206,51
DA:207,13
DA:209,13
DA:210,0
DA:213,13
DA:214,32
DA:219,51
DA:221,7
DA:223,7
DA:225,7
DA:226,7
DA:228,7
DA:230,7
DA:231,7
DA:232,17
DA:234,17
DA:235,7
DA:239,7
DA:240,6
DA:243,7
DA:244,6
DA:245,0
DA:249,6
DA:255,51
DA:256,51
DA:260,51
DA:263,51
DA:265,51
DA:266,50
DA:267,50
DA:271,51
DA:272,35
DA:297,51
DA:305,51
DA:322,12
DA:327,151
DA:334,4
LF:61
LH:57
BRDA:139,0,0,40
BRDA:190,1,0,9
BRDA:190,1,1,27
BRDA:191,2,0,0
BRDA:191,2,1,9
BRDA:198,3,0,35
BRDA:198,3,1,33
BRDA:209,4,0,0
BRDA:209,4,1,13
BRDA:223,5,0,0
BRDA:223,5,1,7
BRDA:239,6,0,6
BRDA:239,6,1,1
BRDA:243,7,0,6
BRDA:243,7,1,1
BRDA:244,8,0,0
BRDA:244,8,1,6
BRDA:249,9,0,6
BRDA:249,9,1,0
BRDA:249,10,0,6
BRDA:249,10,1,0
BRDA:255,11,0,51
BRDA:255,11,1,0
BRDA:263,12,0,12
BRDA:263,12,1,39
BRDA:297,13,0,9
BRDA:297,13,1,42
BRDA:297,14,0,51
BRDA:297,14,1,6
BRDA:297,14,2,45
BRDA:310,15,0,0
BRDA:310,15,1,51
BRF:32
BRH:24
end_of_record
TN:
SF:/Users/jilin/projects/antd/rc-cascader/src/context.ts
FNF:0
FNH:0
DA:5,4
LF:1
LH:1
BRF:0
BRH:0
end_of_record
TN:
SF:/Users/jilin/projects/antd/rc-cascader/src/index.tsx
FNF:0
FNH:0
LF:0
LH:0
BRF:0
BRH:0
end_of_record
TN:
SF:/Users/jilin/projects/antd/rc-cascader/src/interface.ts
FNF:0
FNH:0
LF:0
LH:0
BRF:0
BRH:0
end_of_record
TN:
SF:/Users/jilin/projects/antd/rc-cascader/src/util.ts
FN:16,restoreCompatibleValue
FN:38,isLeaf
FN:52,connectValue
FN:61,convertOptions
FN:65,injectValue
FN:66,(anonymous_5)
FNF:6
FNH:6
FNDA:61,restoreCompatibleValue
FNDA:519,isLeaf
FNDA:187,connectValue
FNDA:35,convertOptions
FNDA:162,injectValue
FNDA:267,(anonymous_5)
DA:10,4
DA:23,61
DA:24,61
DA:26,61
DA:28,61
DA:29,133
DA:30,133
DA:32,133
DA:35,61
DA:39,519
DA:41,519
DA:43,519
DA:53,187
DA:66,162
DA:67,267
DA:70,267
DA:76,267
DA:77,127
DA:80,267
DA:84,35
LF:20
LH:20
BRDA:43,0,0,6
BRDA:43,0,1,513
BRDA:53,1,0,187
BRDA:53,1,1,0
BRDA:65,2,0,35
BRDA:66,3,0,162
BRDA:66,3,1,1
BRDA:67,4,0,178
BRDA:67,4,1,89
BRDA:76,5,0,127
BRDA:76,5,1,140
BRF:11
BRH:10
end_of_record
TN:
SF:/Users/jilin/projects/antd/rc-cascader/src/OptionList/Column.tsx
FN:22,Column
FN:45,(anonymous_1)
FN:55,(anonymous_2)
FN:62,(anonymous_3)
FN:89,(anonymous_4)
FN:105,(anonymous_5)
FN:112,(anonymous_6)
FN:118,(anonymous_7)
FNF:8
FNH:7
FNDA:217,Column
FNDA:493,(anonymous_1)
FNDA:19,(anonymous_2)
FNDA:15,(anonymous_3)
FNDA:4,(anonymous_4)
FNDA:0,(anonymous_5)
FNDA:15,(anonymous_6)
FNDA:1,(anonymous_7)
DA:35,217
DA:36,217
DA:37,217
DA:40,217
DA:43,217
DA:46,493
DA:47,493
DA:49,493
DA:52,493
DA:55,493
DA:56,19
DA:57,15
DA:62,493
DA:63,15
DA:64,6
DA:70,493
DA:71,4
DA:72,489
DA:73,489
DA:77,493
DA:90,4
DA:91,4
DA:106,0
DA:113,15
DA:114,15
DA:115,15
DA:119,1
DA:120,1
LF:28
LH:27
BRDA:56,0,0,15
BRDA:56,0,1,4
BRDA:56,1,0,19
BRDA:56,1,1,19
BRDA:63,2,0,6
BRDA:63,2,1,9
BRDA:63,3,0,15
BRDA:63,3,1,15
BRDA:63,3,2,11
BRDA:63,3,3,9
BRDA:70,4,0,4
BRDA:70,4,1,489
BRDA:72,5,0,489
BRDA:72,5,1,0
BRDA:90,6,0,4
BRDA:90,6,1,0
BRDA:95,7,0,493
BRDA:95,7,1,0
BRDA:101,8,0,0
BRDA:101,8,1,0
BRDA:114,9,0,15
BRDA:114,9,1,0
BRDA:114,10,0,15
BRDA:114,10,1,0
BRDA:119,11,0,1
BRDA:119,11,1,0
BRDA:126,12,0,493
BRDA:126,12,1,492
BRDA:126,12,2,346
BRDA:126,12,3,251
BRDA:129,13,0,493
BRDA:129,13,1,1
BRDA:129,13,2,0
BRF:33
BRH:24
end_of_record
TN:
SF:/Users/jilin/projects/antd/rc-cascader/src/OptionList/index.tsx
FN:19,(anonymous_0)
FN:42,(anonymous_1)
FN:47,(anonymous_2)
FN:50,(anonymous_3)
FN:52,(anonymous_4)
FN:59,(anonymous_5)
FN:61,(anonymous_6)
FN:62,(anonymous_7)
FN:64,(anonymous_8)
FN:64,(anonymous_9)
FN:71,(anonymous_10)
FN:72,(anonymous_11)
FN:77,(anonymous_12)
FN:83,(anonymous_13)
FN:95,(anonymous_14)
FN:103,(anonymous_15)
FN:111,(anonymous_16)
FN:115,(anonymous_17)
FN:130,(anonymous_18)
FN:159,(anonymous_19)
FN:162,(anonymous_20)
FN:178,(anonymous_21)
FN:185,(anonymous_22)
FN:193,(anonymous_23)
FN:195,(anonymous_24)
FN:247,(anonymous_25)
FN:273,(anonymous_26)
FN:302,(anonymous_27)
FNF:28
FNH:25
FNDA:136,(anonymous_0)
FNDA:22,(anonymous_1)
FNDA:1,(anonymous_2)
FNDA:1,(anonymous_3)
FNDA:1,(anonymous_4)
FNDA:40,(anonymous_5)
FNDA:1,(anonymous_6)
FNDA:1,(anonymous_7)
FNDA:0,(anonymous_8)
FNDA:0,(anonymous_9)
FNDA:39,(anonymous_10)
FNDA:39,(anonymous_11)
FNDA:57,(anonymous_12)
FNDA:35,(anonymous_13)
FNDA:22,(anonymous_14)
FNDA:7,(anonymous_15)
FNDA:157,(anonymous_16)
FNDA:103,(anonymous_17)
FNDA:105,(anonymous_18)
FNDA:7,(anonymous_19)
FNDA:12,(anonymous_20)
FNDA:4,(anonymous_21)
FNDA:5,(anonymous_22)
FNDA:136,(anonymous_23)
FNDA:17,(anonymous_24)
FNDA:1,(anonymous_25)
FNDA:0,(anonymous_26)
FNDA:217,(anonymous_27)
DA:19,4
DA:31,136
DA:33,136
DA:35,136
DA:37,136
DA:40,136
DA:42,136
DA:43,22
DA:44,21
DA:47,1
DA:48,1
DA:49,1
DA:50,1
DA:52,1
DA:54,1
DA:59,136
DA:60,40
DA:61,1
DA:62,1
DA:63,1
DA:64,0
DA:71,136
DA:72,136
DA:75,136
DA:77,136
DA:78,57
DA:79,40
DA:81,40
DA:82,11
DA:83,35
DA:86,11
DA:87,10
DA:90,40
DA:95,136
DA:96,22
DA:97,22
DA:100,22
DA:103,136
DA:104,7
DA:106,7
DA:107,6
DA:111,136
DA:112,157
DA:114,157
DA:115,103
DA:118,157
DA:122,136
DA:130,136
DA:131,105
DA:132,6
DA:141,99
DA:143,99
DA:144,157
DA:146,157
DA:147,147
DA:151,10
DA:155,99
DA:159,136
DA:160,7
DA:161,7
DA:162,12
DA:164,7
DA:166,7
DA:167,7
DA:168,7
DA:170,7
DA:171,7
DA:175,0
DA:178,136
DA:179,4
DA:180,2
DA:182,4
DA:185,136
DA:186,5
DA:187,5
DA:188,5
DA:189,5
DA:193,136
DA:196,17
DA:198,17
DA:202,2
DA:203,2
DA:204,0
DA:205,2
DA:206,2
DA:209,2
DA:210,2
DA:211,2
DA:212,2
DA:213,2
DA:217,2
DA:221,3
DA:222,0
DA:224,3
DA:226,3
DA:230,5
DA:231,0
DA:233,5
DA:235,5
DA:239,1
DA:240,1
DA:245,1
DA:246,1
DA:247,1
DA:250,1
DA:252,1
DA:253,1
DA:257,1
DA:258,0
DA:260,1
DA:265,4
DA:267,4
DA:268,4
DA:277,136
DA:288,136
DA:298,136
DA:302,136
DA:303,217
DA:313,136
LF:119
LH:113
BRDA:43,0,0,21
BRDA:43,0,1,1
BRDA:48,1,0,1
BRDA:48,1,1,0
BRDA:60,2,0,1
BRDA:60,2,1,39
BRDA:63,3,0,0
BRDA:63,3,1,1
BRDA:78,4,0,40
BRDA:78,4,1,17
BRDA:81,5,0,11
BRDA:81,5,1,29
BRDA:81,6,0,40
BRDA:81,6,1,40
BRDA:86,7,0,10
BRDA:86,7,1,1
BRDA:106,8,0,6
BRDA:106,8,1,1
BRDA:106,9,0,7
BRDA:106,9,1,7
BRDA:106,9,2,2
BRDA:106,9,3,2
BRDA:115,10,0,90
BRDA:115,10,1,0
BRDA:131,11,0,6
BRDA:131,11,1,99
BRDA:146,12,0,147
BRDA:146,12,1,10
BRDA:161,13,0,7
BRDA:161,13,1,0
BRDA:170,14,0,7
BRDA:170,14,1,0
BRDA:179,15,0,2
BRDA:179,15,1,2
BRDA:188,16,0,5
BRDA:188,16,1,0
BRDA:198,17,0,0
BRDA:198,17,1,2
BRDA:198,17,2,3
BRDA:198,17,3,5
BRDA:198,17,4,1
BRDA:198,17,5,1
BRDA:198,17,6,4
BRDA:203,18,0,0
BRDA:203,18,1,2
BRDA:205,19,0,2
BRDA:205,19,1,0
BRDA:209,20,0,2
BRDA:209,20,1,0
BRDA:212,21,0,2
BRDA:212,21,1,0
BRDA:221,22,0,0
BRDA:221,22,1,3
BRDA:230,23,0,0
BRDA:230,23,1,5
BRDA:252,24,0,1
BRDA:252,24,1,0
BRDA:252,25,0,1
BRDA:252,25,1,1
BRDA:252,25,2,1
BRDA:257,26,0,0
BRDA:257,26,1,1
BRDA:267,27,0,4
BRDA:267,27,1,0
BRDA:298,28,0,131
BRDA:298,28,1,5
BRF:66
BRH:50
end_of_record
TN:
SF:/Users/jilin/projects/antd/rc-cascader/src/hooks/useSearchConfig.ts
FN:6,useSearchConfig
FN:7,(anonymous_1)
FNF:2
FNH:2
FNDA:51,useSearchConfig
FNDA:35,(anonymous_1)
DA:7,51
DA:8,35
DA:9,30
DA:12,5
DA:17,5
DA:18,3
DA:24,5
LF:7
LH:7
BRDA:8,0,0,30
BRDA:8,0,1,5
BRDA:17,1,0,3
BRDA:17,1,1,2
BRDA:17,2,0,5
BRDA:17,2,1,5
BRF:6
BRH:6
end_of_record
TN:
SF:/Users/jilin/projects/antd/rc-cascader/src/hooks/useSearchResult.ts
FN:6,(anonymous_0)
FN:7,(anonymous_1)
FN:9,(anonymous_2)
FN:10,(anonymous_3)
FN:21,useSearchResult
FN:31,(anonymous_5)
FN:37,(anonymous_6)
FN:39,(anonymous_7)
FN:48,(anonymous_8)
FN:68,(anonymous_9)
FN:78,(anonymous_10)
FN:79,(anonymous_11)
FNF:12
FNH:12
FNDA:19,(anonymous_0)
FNDA:38,(anonymous_1)
FNDA:10,(anonymous_2)
FNDA:29,(anonymous_3)
FNDA:136,useSearchResult
FNDA:39,(anonymous_5)
FNDA:30,(anonymous_6)
FNDA:60,(anonymous_7)
FNDA:25,(anonymous_8)
FNDA:1,(anonymous_9)
FNDA:39,(anonymous_10)
FNDA:12,(anonymous_11)
DA:6,4
DA:7,38
DA:9,4
DA:10,29
DA:23,136
DA:26,136
DA:27,136
DA:31,136
DA:32,39
DA:33,33
DA:37,6
DA:38,30
DA:39,60
DA:40,30
DA:47,6
DA:48,25
DA:52,6
DA:53,6
DA:55,20
DA:56,1
DA:60,19
DA:61,19
DA:62,12
DA:67,6
DA:68,1
DA:69,1
DA:73,6
DA:78,136
DA:79,39
DA:80,12
DA:81,12
DA:88,136
LF:32
LH:32
BRDA:26,0,0,136
BRDA:26,0,1,136
BRDA:27,1,0,136
BRDA:27,1,1,133
BRDA:32,2,0,33
BRDA:32,2,1,6
BRDA:47,3,0,5
BRDA:47,3,1,1
BRDA:55,4,0,1
BRDA:55,4,1,19
BRDA:55,5,0,20
BRDA:55,5,1,17
BRDA:61,6,0,12
BRDA:61,6,1,7
BRDA:67,7,0,1
BRDA:67,7,1,5
BRF:16
BRH:16
end_of_record
TN:
SF:/Users/jilin/projects/antd/rc-cascader/src/hooks/useUpdateEffect.ts
FN:6,useUpdateEffect
FN:9,(anonymous_1)
FNF:2
FNH:2
FNDA:51,useUpdateEffect
FNDA:36,(anonymous_1)
DA:7,51
DA:9,51
DA:10,36
DA:11,35
DA:12,35
DA:16,1
LF:6
LH:6
BRDA:10,0,0,35
BRDA:10,0,1,1
BRF:2
BRH:2
end_of_record
